#
# A fatal error has been detected by the Java Runtime Environment:
#
#  SIGSEGV (0xb) at pc=0x00007f6f8302a72c, pid=14112, tid=14134
#
# JRE version: OpenJDK Runtime Environment Corretto-16.0.2.7.1 (16.0.2+7) (build 16.0.2+7)
# Java VM: OpenJDK 64-Bit Server VM Corretto-16.0.2.7.1 (16.0.2+7, mixed mode, sharing, tiered, compressed oops, compressed class ptrs, g1 gc, linux-amd64)
# Problematic frame:
# V  [libjvm.so+0x82a72c]  PhaseIFG::re_insert(unsigned int)+0x18c
#
# Core dump will be written. Default location: Core dumps may be processed with "/bin/false" (or dumping to /home/cedric/Github/hei-admin-api/core.14112)
#
# If you would like to submit a bug report, please visit:
#   https://github.com/corretto/corretto-jdk/issues/
#

---------------  S U M M A R Y ------------

Command Line: -Dorg.gradle.internal.worker.tmpdir=/home/cedric/Github/hei-admin-api/build/tmp/test/work -Dorg.gradle.native=false -javaagent:build/tmp/expandedArchives/org.jacoco.agent-0.8.7.jar_3a83c50b4a016f281c4e9f3500d16b55/jacocoagent.jar=destfile=build/jacoco/test.exec,append=true,inclnolocationclasses=false,dumponexit=true,output=file,jmx=false --add-opens=java.base/java.util=ALL-UNNAMED --add-opens=java.base/java.lang=ALL-UNNAMED -Xmx512m -Dfile.encoding=UTF-8 -Duser.country=US -Duser.language=en -Duser.variant -ea worker.org.gradle.process.internal.worker.GradleWorkerMain 'Gradle Test Executor 9'

Host: Intel(R) Core(TM) i5-3210M CPU @ 2.50GHz, 4 cores, 9G, Solus
Time: Sat Sep 10 22:44:55 2022 EAT elapsed time: 4.181622 seconds (0d 0h 0m 4s)

---------------  T H R E A D  ---------------

Current thread (0x00007f6f2032dae0):  JavaThread "C2 CompilerThread1" daemon [_thread_in_native, id=14134, stack(0x00007f6f54700000,0x00007f6f54800000)]


Current CompileTask:
C2:   4181 2418 %     4       org.jacoco.agent.rt.internal_3570298.asm.ClassReader::readCode @ 1738 (5109 bytes)

Stack: [0x00007f6f54700000,0x00007f6f54800000],  sp=0x00007f6f547fb500,  free space=1005k
Native frames: (J=compiled Java code, A=aot compiled Java code, j=interpreted, Vv=VM code, C=native code)
V  [libjvm.so+0x82a72c]  PhaseIFG::re_insert(unsigned int)+0x18c
V  [libjvm.so+0x54ff8d]  PhaseChaitin::Select()+0x9d
V  [libjvm.so+0x552d5f]  PhaseChaitin::Register_Allocate()+0x7ff
V  [libjvm.so+0x5ec7f8]  Compile::Code_Gen()+0x2a8
V  [libjvm.so+0x5f1482]  Compile::Compile(ciEnv*, ciMethod*, int, bool, bool, bool, bool, DirectiveSet*)+0xd22
V  [libjvm.so+0x5267e6]  C2Compiler::compile_method(ciEnv*, ciMethod*, int, bool, DirectiveSet*)+0xa6
V  [libjvm.so+0x5fb7c4]  CompileBroker::invoke_compiler_on_method(CompileTask*)+0xd24
V  [libjvm.so+0x5fc4e8]  CompileBroker::compiler_thread_loop()+0x4c8
V  [libjvm.so+0xee1b09]  JavaThread::run()+0x159
V  [libjvm.so+0xee8d0f]  Thread::call_run()+0xff
V  [libjvm.so+0xc54e37]  thread_native_entry(Thread*)+0xe7


siginfo: si_signo: 11 (SIGSEGV), si_code: 2 (SEGV_ACCERR), si_addr: 0x00007f6f82dbc580

Register to memory mapping:

RAX=0x00007f6f82dbc580: <offset 0x00000000005bc580> in /home/cedric/.jdks/corretto-16.0.2/lib/server/libjvm.so at 0x00007f6f82800000
RBX=0x0 is NULL
RCX=0x214838f07c8b48d6 is an unknown value
RDX=0x00007f6f04fec260 points into unknown readable memory: 0x0000003600000026 | 26 00 00 00 36 00 00 00
RSP=0x00007f6f547fb500 is pointing into the stack for thread: 0x00007f6f2032dae0
RBP=0x00007f6f547fb570 is pointing into the stack for thread: 0x00007f6f2032dae0
RSI=0x214838f07c8b48d6 is an unknown value
RDI=0x00007f6f547fb510 is pointing into the stack for thread: 0x00007f6f2032dae0
R8 =0x0000000000000002 is an unknown value
R9 =0xfcc0888000000000 is an unknown value
R10=0x0000008000000000 is an unknown value
R11=0x00007f6f0534d3c0 points into unknown readable memory: 0x0000000000000000 | 00 00 00 00 00 00 00 00
R12=0x0000000000000002 is an unknown value
R13=0x0000000000002a01 is an unknown value
R14=0x00007f6f547fb730 is pointing into the stack for thread: 0x00007f6f2032dae0
R15=0x0000000000000150 is an unknown value


Registers:
RAX=0x00007f6f82dbc580, RBX=0x0000000000000000, RCX=0x214838f07c8b48d6, RDX=0x00007f6f04fec260
RSP=0x00007f6f547fb500, RBP=0x00007f6f547fb570, RSI=0x214838f07c8b48d6, RDI=0x00007f6f547fb510
R8 =0x0000000000000002, R9 =0xfcc0888000000000, R10=0x0000008000000000, R11=0x00007f6f0534d3c0
R12=0x0000000000000002, R13=0x0000000000002a01, R14=0x00007f6f547fb730, R15=0x0000000000000150
RIP=0x00007f6f8302a72c, EFLAGS=0x0000000000010202, CSGSFS=0x002b000000000033, ERR=0x0000000000000007
  TRAPNO=0x000000000000000e

Top of Stack: (sp=0x00007f6f547fb500)
0x00007f6f547fb500:   00007f6f05172620 00007f6f547fb510
0x00007f6f547fb510:   0000000000000000 0000000200001375
0x00007f6f547fb520:   0000003b00000014 00007f6f204d18a0
0x00007f6f547fb530:   00007f6f0430b220 00007f6f050cd9e0 

Instructions: (pc=0x00007f6f8302a72c)
0x00007f6f8302a62c:   41 b8 01 00 00 00 89 f1 c1 eb 06 48 8d 45 a0 41
0x00007f6f8302a63c:   c1 ef 08 49 d3 e0 83 e3 03 48 89 55 c0 41 89 f5
0x00007f6f8302a64c:   49 89 fe 49 c1 e7 03 4d 89 c4 48 c1 e3 03 31 d2
0x00007f6f8302a65c:   48 89 45 98 45 85 ed 75 5b 48 85 d2 48 8d 5d a0
0x00007f6f8302a66c:   75 23 83 7d ac 03 76 08 8b 45 b4 39 45 b0 73 34
0x00007f6f8302a67c:   48 89 df e8 2c c3 00 00 85 c0 74 28 48 8b 55 a0
0x00007f6f8302a68c:   48 85 d2 74 dd 8b 45 a8 31 c9 f3 48 0f bc ca 48
0x00007f6f8302a69c:   d3 ea 48 83 ea 01 01 c8 48 89 55 a0 89 45 a8 eb
0x00007f6f8302a6ac:   d7 0f 1f 00 48 83 c4 48 5b 41 5c 41 5d 41 5e 41
0x00007f6f8302a6bc:   5f 5d c3 90 48 85 d2 75 1b 83 7d ac 03 76 08 8b
0x00007f6f8302a6cc:   45 b0 39 45 b4 76 dd 48 8b 7d 98 e8 d4 c2 00 00
0x00007f6f8302a6dc:   eb 1c 66 90 8b 45 a8 31 c9 f3 48 0f bc ca 48 d3
0x00007f6f8302a6ec:   ea 48 83 ea 01 01 c8 48 89 55 a0 89 45 a8 85 c0
0x00007f6f8302a6fc:   74 b2 89 c0 48 8d 14 80 48 c1 e2 05 49 03 56 10
0x00007f6f8302a70c:   48 8b 42 08 4a 8b 04 38 48 3b 05 75 57 d4 00 74
0x00007f6f8302a71c:   33 48 01 d8 4c 89 e6 48 8b 08 48 09 ce 49 85 cc
0x00007f6f8302a72c:   48 89 30 75 03 83 02 01 48 8b 55 a0 e9 23 ff ff
0x00007f6f8302a73c:   ff 0f 1f 00 f3 c3 66 0f 1f 44 00 00 8b 50 04 e9
0x00007f6f8302a74c:   c4 fe ff ff 44 89 ee 48 89 d7 48 89 55 90 e8 11
0x00007f6f8302a75c:   bc 00 00 48 01 d8 4c 89 e6 48 8b 55 90 48 8b 08
0x00007f6f8302a76c:   48 09 ce 49 85 cc 48 89 30 74 ba eb bb 90 66 0f
0x00007f6f8302a77c:   1f 44 00 00 f6 87 a7 00 00 00 02 55 0f b7 87 9c
0x00007f6f8302a78c:   00 00 00 0f b7 96 9c 00 00 00 48 89 e5 75 15 f6
0x00007f6f8302a79c:   86 a7 00 00 00 02 75 0c 39 d0 0f 4c c2 5d c3 0f
0x00007f6f8302a7ac:   1f 44 00 00 0f af c2 5d c3 90 66 2e 0f 1f 84 00
0x00007f6f8302a7bc:   00 00 00 00 55 89 f6 48 8d 14 b6 48 89 e5 41 56
0x00007f6f8302a7cc:   41 55 41 54 53 48 89 d0 48 c1 e0 05 31 db 48 83
0x00007f6f8302a7dc:   ec 30 48 03 47 10 44 8b 00 45 85 c0 0f 84 44 01
0x00007f6f8302a7ec:   00 00 48 8d 0c 96 48 8b 57 20 48 be 00 00 00 00
0x00007f6f8302a7fc:   04 00 00 00 48 c7 45 b0 00 00 00 00 48 89 75 b8
0x00007f6f8302a80c:   c7 45 c0 00 00 00 00 8b 30 48 8d 14 ca 31 c9 44
0x00007f6f8302a81c:   0f b7 b2 9c 00 00 00 0f b6 92 a7 00 00 00 d0 ea 


Stack slot to memory mapping:
stack at sp + 0 slots: 0x00007f6f05172620 points into unknown readable memory: 0x0000002b00000019 | 19 00 00 00 2b 00 00 00
stack at sp + 1 slots: 0x00007f6f547fb510 is pointing into the stack for thread: 0x00007f6f2032dae0
stack at sp + 2 slots: 0x0 is NULL
stack at sp + 3 slots: 0x0000000200001375 is an unknown value
stack at sp + 4 slots: 0x0000003b00000014 is an unknown value
stack at sp + 5 slots: 0x00007f6f204d18a0 points into unknown readable memory: 0x0000000000000000 | 00 00 00 00 00 00 00 00
stack at sp + 6 slots: 0x00007f6f0430b220 points into unknown readable memory: 0x00007f6f83dbc580 | 80 c5 db 83 6f 7f 00 00
stack at sp + 7 slots: 0x00007f6f050cd9e0 points into unknown readable memory: 0x0000003b0000002e | 2e 00 00 00 3b 00 00 00


---------------  P R O C E S S  ---------------

Threads class SMR info:
_java_thread_list=0x00007f6f7cc1b900, length=15, elements={
0x00007f6f7c02b160, 0x00007f6f7c1040e0, 0x00007f6f7c105660, 0x00007f6f7c109f30,
0x00007f6f7c10b480, 0x00007f6f7c10c9a0, 0x00007f6f7c10e480, 0x00007f6f7c10fae0,
0x00007f6f7c111080, 0x00007f6f7c119d10, 0x00007f6f7c88ab50, 0x00007f6f2032dae0,
0x00007f6f7cc011e0, 0x00007f6f7cc18800, 0x00007f6f7cc20860
}

Java Threads: ( => current thread )
  0x00007f6f7c02b160 JavaThread "main" [_thread_blocked, id=14114, stack(0x00007f6f83ed8000,0x00007f6f83fd8000)]
  0x00007f6f7c1040e0 JavaThread "Reference Handler" daemon [_thread_blocked, id=14122, stack(0x00007f6f6409f000,0x00007f6f6419f000)]
  0x00007f6f7c105660 JavaThread "Finalizer" daemon [_thread_blocked, id=14123, stack(0x00007f6f55700000,0x00007f6f55800000)]
  0x00007f6f7c109f30 JavaThread "Signal Dispatcher" daemon [_thread_blocked, id=14124, stack(0x00007f6f55600000,0x00007f6f55700000)]
  0x00007f6f7c10b480 JavaThread "Service Thread" daemon [_thread_blocked, id=14125, stack(0x00007f6f55500000,0x00007f6f55600000)]
  0x00007f6f7c10c9a0 JavaThread "Monitor Deflation Thread" daemon [_thread_blocked, id=14126, stack(0x00007f6f55400000,0x00007f6f55500000)]
  0x00007f6f7c10e480 JavaThread "C2 CompilerThread0" daemon [_thread_in_native, id=14127, stack(0x00007f6f55300000,0x00007f6f55400000)]
  0x00007f6f7c10fae0 JavaThread "C1 CompilerThread0" daemon [_thread_blocked, id=14128, stack(0x00007f6f55200000,0x00007f6f55300000)]
  0x00007f6f7c111080 JavaThread "Sweeper thread" daemon [_thread_blocked, id=14129, stack(0x00007f6f55100000,0x00007f6f55200000)]
  0x00007f6f7c119d10 JavaThread "Common-Cleaner" daemon [_thread_blocked, id=14130, stack(0x00007f6f55000000,0x00007f6f55100000)]
  0x00007f6f7c88ab50 JavaThread "Notification Thread" daemon [_thread_blocked, id=14132, stack(0x00007f6f54f00000,0x00007f6f55000000)]
=>0x00007f6f2032dae0 JavaThread "C2 CompilerThread1" daemon [_thread_in_native, id=14134, stack(0x00007f6f54700000,0x00007f6f54800000)]
  0x00007f6f7cc011e0 JavaThread "Test worker" [_thread_in_native, id=14141, stack(0x00007f6f540fc000,0x00007f6f541fc000)]
  0x00007f6f7cc18800 JavaThread "/127.0.0.1:60482 to /127.0.0.1:40031 workers Thread 2" [_thread_blocked, id=14142, stack(0x00007f6f32700000,0x00007f6f32800000)]
  0x00007f6f7cc20860 JavaThread "/127.0.0.1:60482 to /127.0.0.1:40031 workers Thread 3" [_thread_in_native, id=14143, stack(0x00007f6f32300000,0x00007f6f32400000)]

Other Threads:
  0x00007f6f7c1019f0 VMThread "VM Thread" [stack: 0x00007f6f641a1000,0x00007f6f642a1000] [id=14121]
  0x00007f6f7c02db90 WatcherThread [stack: 0x00007f6f54b00000,0x00007f6f54c00000] [id=14133]
  0x00007f6f7c0526e0 GCTaskThread "GC Thread#0" [stack: 0x00007f6f805fe000,0x00007f6f806fe000] [id=14116]
  0x00007f6f4c004690 GCTaskThread "GC Thread#1" [stack: 0x00007f6f54300000,0x00007f6f54400000] [id=14135]
  0x00007f6f4c005210 GCTaskThread "GC Thread#2" [stack: 0x00007f6f541fe000,0x00007f6f542fe000] [id=14136]
  0x00007f6f4c0077e0 GCTaskThread "GC Thread#3" [stack: 0x00007f6f32200000,0x00007f6f32300000] [id=14144]
  0x00007f6f7c057e30 ConcurrentGCThread "G1 Main Marker" [stack: 0x00007f6f804fc000,0x00007f6f805fc000] [id=14117]
  0x00007f6f7c058ec0 ConcurrentGCThread "G1 Conc#0" [stack: 0x00007f6f803fa000,0x00007f6f804fa000] [id=14118]
  0x00007f6f7c0d2770 ConcurrentGCThread "G1 Refine#0" [stack: 0x00007f6f643a5000,0x00007f6f644a5000] [id=14119]
  0x00007f6f7c0d3790 ConcurrentGCThread "G1 Service" [stack: 0x00007f6f642a3000,0x00007f6f643a3000] [id=14120]

Threads with active compile tasks:
C2 CompilerThread0     4188 2712 %     4       org.jacoco.agent.rt.internal_3570298.asm.SymbolTable::<init> @ 98 (536 bytes)
C2 CompilerThread1     4188 2418 %     4       org.jacoco.agent.rt.internal_3570298.asm.ClassReader::readCode @ 1738 (5109 bytes)

VM state: not at safepoint (normal execution)

VM Mutex/Monitor currently owned by a thread: None

Heap address: 0x00000000e0000000, size: 512 MB, Compressed Oops mode: 32-bit

CDS archive(s) mapped at: [0x0000000800000000-0x0000000800bf7000-0x0000000800bf7000), size 12546048, SharedBaseAddress: 0x0000000800000000, ArchiveRelocationMode: 0.
Compressed class space mapped at: 0x0000000800c00000-0x0000000840c00000, reserved size: 1073741824
Narrow klass base: 0x0000000800000000, Narrow klass shift: 3, Narrow klass range: 0x100000000

GC Precious Log:
 CPUs: 4 total, 4 available
 Memory: 9800M
 Large Page Support: Disabled
 NUMA Support: Disabled
 Compressed Oops: Enabled (32-bit)
 Heap Region Size: 1M
 Heap Min Capacity: 8M
 Heap Initial Capacity: 154M
 Heap Max Capacity: 512M
 Pre-touch: Disabled
 Parallel Workers: 4
 Concurrent Workers: 1
 Concurrent Refinement Workers: 4
 Periodic GC: Disabled

Heap:
 garbage-first heap   total 159744K, used 103135K [0x00000000e0000000, 0x0000000100000000)
  region size 1024K, 91 young (93184K), 5 survivors (5120K)
 Metaspace       used 17491K, committed 17728K, reserved 1064960K
  class space    used 1969K, committed 2112K, reserved 1048576K

Heap Regions: E=young(eden), S=young(survivor), O=old, HS=humongous(starts), HC=humongous(continues), CS=collection set, F=free, OA=open archive, CA=closed archive, TAMS=top-at-mark-start (previous, next)
|   0|0x00000000e0000000, 0x00000000e0100000, 0x00000000e0100000|100%|HS|  |TAMS 0x00000000e0000000, 0x00000000e0000000| Complete 
|   1|0x00000000e0100000, 0x00000000e0200000, 0x00000000e0200000|100%|HS|  |TAMS 0x00000000e0100000, 0x00000000e0100000| Complete 
|   2|0x00000000e0200000, 0x00000000e0300000, 0x00000000e0300000|100%|HC|  |TAMS 0x00000000e0200000, 0x00000000e0200000| Complete 
|   3|0x00000000e0300000, 0x00000000e0400000, 0x00000000e0400000|100%| O|  |TAMS 0x00000000e0300000, 0x00000000e0300000| Untracked 
|   4|0x00000000e0400000, 0x00000000e0500000, 0x00000000e0500000|100%| O|  |TAMS 0x00000000e0400000, 0x00000000e0400000| Untracked 
|   5|0x00000000e0500000, 0x00000000e0600000, 0x00000000e0600000|100%| O|  |TAMS 0x00000000e0500000, 0x00000000e0500000| Untracked 
|   6|0x00000000e0600000, 0x00000000e0700000, 0x00000000e0700000|100%| O|  |TAMS 0x00000000e0600000, 0x00000000e0600000| Untracked 
|   7|0x00000000e0700000, 0x00000000e0800000, 0x00000000e0800000|100%| O|  |TAMS 0x00000000e0700000, 0x00000000e0700000| Untracked 
|   8|0x00000000e0800000, 0x00000000e0900000, 0x00000000e0900000|100%| O|  |TAMS 0x00000000e0800000, 0x00000000e0800000| Untracked 
|   9|0x00000000e0900000, 0x00000000e0a00000, 0x00000000e0a00000|100%| O|  |TAMS 0x00000000e0900000, 0x00000000e0900000| Untracked 
|  10|0x00000000e0a00000, 0x00000000e0a4e200, 0x00000000e0b00000| 30%| O|  |TAMS 0x00000000e0a00000, 0x00000000e0a00000| Untracked 
|  11|0x00000000e0b00000, 0x00000000e0b00000, 0x00000000e0c00000|  0%| F|  |TAMS 0x00000000e0b00000, 0x00000000e0b00000| Untracked 
|  12|0x00000000e0c00000, 0x00000000e0c00000, 0x00000000e0d00000|  0%| F|  |TAMS 0x00000000e0c00000, 0x00000000e0c00000| Untracked 
|  13|0x00000000e0d00000, 0x00000000e0d00000, 0x00000000e0e00000|  0%| F|  |TAMS 0x00000000e0d00000, 0x00000000e0d00000| Untracked 
|  14|0x00000000e0e00000, 0x00000000e0e00000, 0x00000000e0f00000|  0%| F|  |TAMS 0x00000000e0e00000, 0x00000000e0e00000| Untracked 
|  15|0x00000000e0f00000, 0x00000000e0f00000, 0x00000000e1000000|  0%| F|  |TAMS 0x00000000e0f00000, 0x00000000e0f00000| Untracked 
|  16|0x00000000e1000000, 0x00000000e1000000, 0x00000000e1100000|  0%| F|  |TAMS 0x00000000e1000000, 0x00000000e1000000| Untracked 
|  17|0x00000000e1100000, 0x00000000e1100000, 0x00000000e1200000|  0%| F|  |TAMS 0x00000000e1100000, 0x00000000e1100000| Untracked 
|  18|0x00000000e1200000, 0x00000000e1200000, 0x00000000e1300000|  0%| F|  |TAMS 0x00000000e1200000, 0x00000000e1200000| Untracked 
|  19|0x00000000e1300000, 0x00000000e1300000, 0x00000000e1400000|  0%| F|  |TAMS 0x00000000e1300000, 0x00000000e1300000| Untracked 
|  20|0x00000000e1400000, 0x00000000e1400000, 0x00000000e1500000|  0%| F|  |TAMS 0x00000000e1400000, 0x00000000e1400000| Untracked 
|  21|0x00000000e1500000, 0x00000000e1500000, 0x00000000e1600000|  0%| F|  |TAMS 0x00000000e1500000, 0x00000000e1500000| Untracked 
|  22|0x00000000e1600000, 0x00000000e1600000, 0x00000000e1700000|  0%| F|  |TAMS 0x00000000e1600000, 0x00000000e1600000| Untracked 
|  23|0x00000000e1700000, 0x00000000e1700000, 0x00000000e1800000|  0%| F|  |TAMS 0x00000000e1700000, 0x00000000e1700000| Untracked 
|  24|0x00000000e1800000, 0x00000000e1800000, 0x00000000e1900000|  0%| F|  |TAMS 0x00000000e1800000, 0x00000000e1800000| Untracked 
|  25|0x00000000e1900000, 0x00000000e1900000, 0x00000000e1a00000|  0%| F|  |TAMS 0x00000000e1900000, 0x00000000e1900000| Untracked 
|  26|0x00000000e1a00000, 0x00000000e1a00000, 0x00000000e1b00000|  0%| F|  |TAMS 0x00000000e1a00000, 0x00000000e1a00000| Untracked 
|  27|0x00000000e1b00000, 0x00000000e1b00000, 0x00000000e1c00000|  0%| F|  |TAMS 0x00000000e1b00000, 0x00000000e1b00000| Untracked 
|  28|0x00000000e1c00000, 0x00000000e1c00000, 0x00000000e1d00000|  0%| F|  |TAMS 0x00000000e1c00000, 0x00000000e1c00000| Untracked 
|  29|0x00000000e1d00000, 0x00000000e1d00000, 0x00000000e1e00000|  0%| F|  |TAMS 0x00000000e1d00000, 0x00000000e1d00000| Untracked 
|  30|0x00000000e1e00000, 0x00000000e1e00000, 0x00000000e1f00000|  0%| F|  |TAMS 0x00000000e1e00000, 0x00000000e1e00000| Untracked 
|  31|0x00000000e1f00000, 0x00000000e1f00000, 0x00000000e2000000|  0%| F|  |TAMS 0x00000000e1f00000, 0x00000000e1f00000| Untracked 
|  32|0x00000000e2000000, 0x00000000e2000000, 0x00000000e2100000|  0%| F|  |TAMS 0x00000000e2000000, 0x00000000e2000000| Untracked 
|  33|0x00000000e2100000, 0x00000000e2100000, 0x00000000e2200000|  0%| F|  |TAMS 0x00000000e2100000, 0x00000000e2100000| Untracked 
|  34|0x00000000e2200000, 0x00000000e2200000, 0x00000000e2300000|  0%| F|  |TAMS 0x00000000e2200000, 0x00000000e2200000| Untracked 
|  35|0x00000000e2300000, 0x00000000e2300000, 0x00000000e2400000|  0%| F|  |TAMS 0x00000000e2300000, 0x00000000e2300000| Untracked 
|  36|0x00000000e2400000, 0x00000000e2400000, 0x00000000e2500000|  0%| F|  |TAMS 0x00000000e2400000, 0x00000000e2400000| Untracked 
|  37|0x00000000e2500000, 0x00000000e2500000, 0x00000000e2600000|  0%| F|  |TAMS 0x00000000e2500000, 0x00000000e2500000| Untracked 
|  38|0x00000000e2600000, 0x00000000e2600000, 0x00000000e2700000|  0%| F|  |TAMS 0x00000000e2600000, 0x00000000e2600000| Untracked 
|  39|0x00000000e2700000, 0x00000000e2700000, 0x00000000e2800000|  0%| F|  |TAMS 0x00000000e2700000, 0x00000000e2700000| Untracked 
|  40|0x00000000e2800000, 0x00000000e2800000, 0x00000000e2900000|  0%| F|  |TAMS 0x00000000e2800000, 0x00000000e2800000| Untracked 
|  41|0x00000000e2900000, 0x00000000e2900000, 0x00000000e2a00000|  0%| F|  |TAMS 0x00000000e2900000, 0x00000000e2900000| Untracked 
|  42|0x00000000e2a00000, 0x00000000e2a00000, 0x00000000e2b00000|  0%| F|  |TAMS 0x00000000e2a00000, 0x00000000e2a00000| Untracked 
|  43|0x00000000e2b00000, 0x00000000e2b00000, 0x00000000e2c00000|  0%| F|  |TAMS 0x00000000e2b00000, 0x00000000e2b00000| Untracked 
|  44|0x00000000e2c00000, 0x00000000e2c00000, 0x00000000e2d00000|  0%| F|  |TAMS 0x00000000e2c00000, 0x00000000e2c00000| Untracked 
|  45|0x00000000e2d00000, 0x00000000e2d00000, 0x00000000e2e00000|  0%| F|  |TAMS 0x00000000e2d00000, 0x00000000e2d00000| Untracked 
|  46|0x00000000e2e00000, 0x00000000e2e00000, 0x00000000e2f00000|  0%| F|  |TAMS 0x00000000e2e00000, 0x00000000e2e00000| Untracked 
|  47|0x00000000e2f00000, 0x00000000e2f00000, 0x00000000e3000000|  0%| F|  |TAMS 0x00000000e2f00000, 0x00000000e2f00000| Untracked 
|  48|0x00000000e3000000, 0x00000000e3000000, 0x00000000e3100000|  0%| F|  |TAMS 0x00000000e3000000, 0x00000000e3000000| Untracked 
|  49|0x00000000e3100000, 0x00000000e3100000, 0x00000000e3200000|  0%| F|  |TAMS 0x00000000e3100000, 0x00000000e3100000| Untracked 
|  50|0x00000000e3200000, 0x00000000e3200000, 0x00000000e3300000|  0%| F|  |TAMS 0x00000000e3200000, 0x00000000e3200000| Untracked 
|  51|0x00000000e3300000, 0x00000000e3300000, 0x00000000e3400000|  0%| F|  |TAMS 0x00000000e3300000, 0x00000000e3300000| Untracked 
|  52|0x00000000e3400000, 0x00000000e3400000, 0x00000000e3500000|  0%| F|  |TAMS 0x00000000e3400000, 0x00000000e3400000| Untracked 
|  53|0x00000000e3500000, 0x00000000e3500000, 0x00000000e3600000|  0%| F|  |TAMS 0x00000000e3500000, 0x00000000e3500000| Untracked 
|  54|0x00000000e3600000, 0x00000000e3600000, 0x00000000e3700000|  0%| F|  |TAMS 0x00000000e3600000, 0x00000000e3600000| Untracked 
|  55|0x00000000e3700000, 0x00000000e3700000, 0x00000000e3800000|  0%| F|  |TAMS 0x00000000e3700000, 0x00000000e3700000| Untracked 
|  56|0x00000000e3800000, 0x00000000e3800000, 0x00000000e3900000|  0%| F|  |TAMS 0x00000000e3800000, 0x00000000e3800000| Untracked 
|  57|0x00000000e3900000, 0x00000000e396bdc0, 0x00000000e3a00000| 42%| S|CS|TAMS 0x00000000e3900000, 0x00000000e3900000| Complete 
|  58|0x00000000e3a00000, 0x00000000e3b00000, 0x00000000e3b00000|100%| S|CS|TAMS 0x00000000e3a00000, 0x00000000e3a00000| Complete 
|  59|0x00000000e3b00000, 0x00000000e3c00000, 0x00000000e3c00000|100%| S|CS|TAMS 0x00000000e3b00000, 0x00000000e3b00000| Complete 
|  60|0x00000000e3c00000, 0x00000000e3d00000, 0x00000000e3d00000|100%| S|CS|TAMS 0x00000000e3c00000, 0x00000000e3c00000| Complete 
|  61|0x00000000e3d00000, 0x00000000e3e00000, 0x00000000e3e00000|100%| S|CS|TAMS 0x00000000e3d00000, 0x00000000e3d00000| Complete 
|  62|0x00000000e3e00000, 0x00000000e3e00000, 0x00000000e3f00000|  0%| F|  |TAMS 0x00000000e3e00000, 0x00000000e3e00000| Untracked 
|  63|0x00000000e3f00000, 0x00000000e3f00000, 0x00000000e4000000|  0%| F|  |TAMS 0x00000000e3f00000, 0x00000000e3f00000| Untracked 
|  64|0x00000000e4000000, 0x00000000e4000000, 0x00000000e4100000|  0%| F|  |TAMS 0x00000000e4000000, 0x00000000e4000000| Untracked 
|  65|0x00000000e4100000, 0x00000000e4100000, 0x00000000e4200000|  0%| F|  |TAMS 0x00000000e4100000, 0x00000000e4100000| Untracked 
|  66|0x00000000e4200000, 0x00000000e4200000, 0x00000000e4300000|  0%| F|  |TAMS 0x00000000e4200000, 0x00000000e4200000| Untracked 
|  67|0x00000000e4300000, 0x00000000e4300000, 0x00000000e4400000|  0%| F|  |TAMS 0x00000000e4300000, 0x00000000e4300000| Untracked 
|  68|0x00000000e4400000, 0x00000000e4500000, 0x00000000e4500000|100%| E|  |TAMS 0x00000000e4400000, 0x00000000e4400000| Complete 
|  69|0x00000000e4500000, 0x00000000e4600000, 0x00000000e4600000|100%| E|CS|TAMS 0x00000000e4500000, 0x00000000e4500000| Complete 
|  70|0x00000000e4600000, 0x00000000e4700000, 0x00000000e4700000|100%| E|CS|TAMS 0x00000000e4600000, 0x00000000e4600000| Complete 
|  71|0x00000000e4700000, 0x00000000e4800000, 0x00000000e4800000|100%| E|CS|TAMS 0x00000000e4700000, 0x00000000e4700000| Complete 
|  72|0x00000000e4800000, 0x00000000e4900000, 0x00000000e4900000|100%| E|CS|TAMS 0x00000000e4800000, 0x00000000e4800000| Complete 
|  73|0x00000000e4900000, 0x00000000e4a00000, 0x00000000e4a00000|100%| E|CS|TAMS 0x00000000e4900000, 0x00000000e4900000| Complete 
|  74|0x00000000e4a00000, 0x00000000e4b00000, 0x00000000e4b00000|100%| E|CS|TAMS 0x00000000e4a00000, 0x00000000e4a00000| Complete 
|  75|0x00000000e4b00000, 0x00000000e4c00000, 0x00000000e4c00000|100%| E|CS|TAMS 0x00000000e4b00000, 0x00000000e4b00000| Complete 
|  76|0x00000000e4c00000, 0x00000000e4d00000, 0x00000000e4d00000|100%| E|CS|TAMS 0x00000000e4c00000, 0x00000000e4c00000| Complete 
|  77|0x00000000e4d00000, 0x00000000e4e00000, 0x00000000e4e00000|100%| E|CS|TAMS 0x00000000e4d00000, 0x00000000e4d00000| Complete 
|  78|0x00000000e4e00000, 0x00000000e4f00000, 0x00000000e4f00000|100%| E|CS|TAMS 0x00000000e4e00000, 0x00000000e4e00000| Complete 
|  79|0x00000000e4f00000, 0x00000000e5000000, 0x00000000e5000000|100%| E|CS|TAMS 0x00000000e4f00000, 0x00000000e4f00000| Complete 
|  80|0x00000000e5000000, 0x00000000e5100000, 0x00000000e5100000|100%| E|CS|TAMS 0x00000000e5000000, 0x00000000e5000000| Complete 
|  81|0x00000000e5100000, 0x00000000e5200000, 0x00000000e5200000|100%| E|CS|TAMS 0x00000000e5100000, 0x00000000e5100000| Complete 
|  82|0x00000000e5200000, 0x00000000e5300000, 0x00000000e5300000|100%| E|CS|TAMS 0x00000000e5200000, 0x00000000e5200000| Complete 
|  83|0x00000000e5300000, 0x00000000e5400000, 0x00000000e5400000|100%| E|CS|TAMS 0x00000000e5300000, 0x00000000e5300000| Complete 
|  84|0x00000000e5400000, 0x00000000e5500000, 0x00000000e5500000|100%| E|CS|TAMS 0x00000000e5400000, 0x00000000e5400000| Complete 
|  85|0x00000000e5500000, 0x00000000e5600000, 0x00000000e5600000|100%| E|CS|TAMS 0x00000000e5500000, 0x00000000e5500000| Complete 
|  86|0x00000000e5600000, 0x00000000e5700000, 0x00000000e5700000|100%| E|CS|TAMS 0x00000000e5600000, 0x00000000e5600000| Complete 
|  87|0x00000000e5700000, 0x00000000e5800000, 0x00000000e5800000|100%| E|CS|TAMS 0x00000000e5700000, 0x00000000e5700000| Complete 
|  88|0x00000000e5800000, 0x00000000e5900000, 0x00000000e5900000|100%| E|CS|TAMS 0x00000000e5800000, 0x00000000e5800000| Complete 
|  89|0x00000000e5900000, 0x00000000e5a00000, 0x00000000e5a00000|100%| E|CS|TAMS 0x00000000e5900000, 0x00000000e5900000| Complete 
|  90|0x00000000e5a00000, 0x00000000e5b00000, 0x00000000e5b00000|100%| E|CS|TAMS 0x00000000e5a00000, 0x00000000e5a00000| Complete 
|  91|0x00000000e5b00000, 0x00000000e5c00000, 0x00000000e5c00000|100%| E|CS|TAMS 0x00000000e5b00000, 0x00000000e5b00000| Complete 
|  92|0x00000000e5c00000, 0x00000000e5d00000, 0x00000000e5d00000|100%| E|CS|TAMS 0x00000000e5c00000, 0x00000000e5c00000| Complete 
|  93|0x00000000e5d00000, 0x00000000e5e00000, 0x00000000e5e00000|100%| E|CS|TAMS 0x00000000e5d00000, 0x00000000e5d00000| Complete 
|  94|0x00000000e5e00000, 0x00000000e5f00000, 0x00000000e5f00000|100%| E|CS|TAMS 0x00000000e5e00000, 0x00000000e5e00000| Complete 
|  95|0x00000000e5f00000, 0x00000000e6000000, 0x00000000e6000000|100%| E|CS|TAMS 0x00000000e5f00000, 0x00000000e5f00000| Complete 
|  96|0x00000000e6000000, 0x00000000e6100000, 0x00000000e6100000|100%| E|CS|TAMS 0x00000000e6000000, 0x00000000e6000000| Complete 
|  97|0x00000000e6100000, 0x00000000e6200000, 0x00000000e6200000|100%| E|CS|TAMS 0x00000000e6100000, 0x00000000e6100000| Complete 
|  98|0x00000000e6200000, 0x00000000e6300000, 0x00000000e6300000|100%| E|CS|TAMS 0x00000000e6200000, 0x00000000e6200000| Complete 
|  99|0x00000000e6300000, 0x00000000e6400000, 0x00000000e6400000|100%| E|CS|TAMS 0x00000000e6300000, 0x00000000e6300000| Complete 
| 100|0x00000000e6400000, 0x00000000e6500000, 0x00000000e6500000|100%| E|CS|TAMS 0x00000000e6400000, 0x00000000e6400000| Complete 
| 101|0x00000000e6500000, 0x00000000e6600000, 0x00000000e6600000|100%| E|CS|TAMS 0x00000000e6500000, 0x00000000e6500000| Complete 
| 102|0x00000000e6600000, 0x00000000e6700000, 0x00000000e6700000|100%| E|CS|TAMS 0x00000000e6600000, 0x00000000e6600000| Complete 
| 103|0x00000000e6700000, 0x00000000e6800000, 0x00000000e6800000|100%| E|CS|TAMS 0x00000000e6700000, 0x00000000e6700000| Complete 
| 104|0x00000000e6800000, 0x00000000e6900000, 0x00000000e6900000|100%| E|CS|TAMS 0x00000000e6800000, 0x00000000e6800000| Complete 
| 105|0x00000000e6900000, 0x00000000e6a00000, 0x00000000e6a00000|100%| E|CS|TAMS 0x00000000e6900000, 0x00000000e6900000| Complete 
| 106|0x00000000e6a00000, 0x00000000e6b00000, 0x00000000e6b00000|100%| E|CS|TAMS 0x00000000e6a00000, 0x00000000e6a00000| Complete 
| 107|0x00000000e6b00000, 0x00000000e6c00000, 0x00000000e6c00000|100%| E|CS|TAMS 0x00000000e6b00000, 0x00000000e6b00000| Complete 
| 108|0x00000000e6c00000, 0x00000000e6d00000, 0x00000000e6d00000|100%| E|CS|TAMS 0x00000000e6c00000, 0x00000000e6c00000| Complete 
| 109|0x00000000e6d00000, 0x00000000e6e00000, 0x00000000e6e00000|100%| E|CS|TAMS 0x00000000e6d00000, 0x00000000e6d00000| Complete 
| 110|0x00000000e6e00000, 0x00000000e6f00000, 0x00000000e6f00000|100%| E|CS|TAMS 0x00000000e6e00000, 0x00000000e6e00000| Complete 
| 111|0x00000000e6f00000, 0x00000000e7000000, 0x00000000e7000000|100%| E|CS|TAMS 0x00000000e6f00000, 0x00000000e6f00000| Complete 
| 112|0x00000000e7000000, 0x00000000e7100000, 0x00000000e7100000|100%| E|CS|TAMS 0x00000000e7000000, 0x00000000e7000000| Complete 
| 113|0x00000000e7100000, 0x00000000e7200000, 0x00000000e7200000|100%| E|CS|TAMS 0x00000000e7100000, 0x00000000e7100000| Complete 
| 114|0x00000000e7200000, 0x00000000e7300000, 0x00000000e7300000|100%| E|CS|TAMS 0x00000000e7200000, 0x00000000e7200000| Complete 
| 115|0x00000000e7300000, 0x00000000e7400000, 0x00000000e7400000|100%| E|CS|TAMS 0x00000000e7300000, 0x00000000e7300000| Complete 
| 116|0x00000000e7400000, 0x00000000e7500000, 0x00000000e7500000|100%| E|CS|TAMS 0x00000000e7400000, 0x00000000e7400000| Complete 
| 117|0x00000000e7500000, 0x00000000e7600000, 0x00000000e7600000|100%| E|CS|TAMS 0x00000000e7500000, 0x00000000e7500000| Complete 
| 118|0x00000000e7600000, 0x00000000e7700000, 0x00000000e7700000|100%| E|CS|TAMS 0x00000000e7600000, 0x00000000e7600000| Complete 
| 119|0x00000000e7700000, 0x00000000e7800000, 0x00000000e7800000|100%| E|CS|TAMS 0x00000000e7700000, 0x00000000e7700000| Complete 
| 120|0x00000000e7800000, 0x00000000e7900000, 0x00000000e7900000|100%| E|CS|TAMS 0x00000000e7800000, 0x00000000e7800000| Complete 
| 121|0x00000000e7900000, 0x00000000e7a00000, 0x00000000e7a00000|100%| E|CS|TAMS 0x00000000e7900000, 0x00000000e7900000| Complete 
| 122|0x00000000e7a00000, 0x00000000e7b00000, 0x00000000e7b00000|100%| E|CS|TAMS 0x00000000e7a00000, 0x00000000e7a00000| Complete 
| 123|0x00000000e7b00000, 0x00000000e7c00000, 0x00000000e7c00000|100%| E|CS|TAMS 0x00000000e7b00000, 0x00000000e7b00000| Complete 
| 124|0x00000000e7c00000, 0x00000000e7d00000, 0x00000000e7d00000|100%| E|CS|TAMS 0x00000000e7c00000, 0x00000000e7c00000| Complete 
| 125|0x00000000e7d00000, 0x00000000e7e00000, 0x00000000e7e00000|100%| E|CS|TAMS 0x00000000e7d00000, 0x00000000e7d00000| Complete 
| 126|0x00000000e7e00000, 0x00000000e7f00000, 0x00000000e7f00000|100%| E|CS|TAMS 0x00000000e7e00000, 0x00000000e7e00000| Complete 
| 127|0x00000000e7f00000, 0x00000000e8000000, 0x00000000e8000000|100%| E|CS|TAMS 0x00000000e7f00000, 0x00000000e7f00000| Complete 
| 128|0x00000000e8000000, 0x00000000e8100000, 0x00000000e8100000|100%| E|CS|TAMS 0x00000000e8000000, 0x00000000e8000000| Complete 
| 129|0x00000000e8100000, 0x00000000e8200000, 0x00000000e8200000|100%| E|CS|TAMS 0x00000000e8100000, 0x00000000e8100000| Complete 
| 130|0x00000000e8200000, 0x00000000e8300000, 0x00000000e8300000|100%| E|CS|TAMS 0x00000000e8200000, 0x00000000e8200000| Complete 
| 131|0x00000000e8300000, 0x00000000e8400000, 0x00000000e8400000|100%| E|CS|TAMS 0x00000000e8300000, 0x00000000e8300000| Complete 
| 132|0x00000000e8400000, 0x00000000e8500000, 0x00000000e8500000|100%| E|CS|TAMS 0x00000000e8400000, 0x00000000e8400000| Complete 
| 133|0x00000000e8500000, 0x00000000e8600000, 0x00000000e8600000|100%| E|CS|TAMS 0x00000000e8500000, 0x00000000e8500000| Complete 
| 134|0x00000000e8600000, 0x00000000e8700000, 0x00000000e8700000|100%| E|CS|TAMS 0x00000000e8600000, 0x00000000e8600000| Complete 
| 135|0x00000000e8700000, 0x00000000e8800000, 0x00000000e8800000|100%| E|CS|TAMS 0x00000000e8700000, 0x00000000e8700000| Complete 
| 136|0x00000000e8800000, 0x00000000e8900000, 0x00000000e8900000|100%| E|CS|TAMS 0x00000000e8800000, 0x00000000e8800000| Complete 
| 137|0x00000000e8900000, 0x00000000e8a00000, 0x00000000e8a00000|100%| E|CS|TAMS 0x00000000e8900000, 0x00000000e8900000| Complete 
| 138|0x00000000e8a00000, 0x00000000e8b00000, 0x00000000e8b00000|100%| E|CS|TAMS 0x00000000e8a00000, 0x00000000e8a00000| Complete 
| 139|0x00000000e8b00000, 0x00000000e8c00000, 0x00000000e8c00000|100%| E|CS|TAMS 0x00000000e8b00000, 0x00000000e8b00000| Complete 
| 140|0x00000000e8c00000, 0x00000000e8d00000, 0x00000000e8d00000|100%| E|CS|TAMS 0x00000000e8c00000, 0x00000000e8c00000| Complete 
| 141|0x00000000e8d00000, 0x00000000e8e00000, 0x00000000e8e00000|100%| E|CS|TAMS 0x00000000e8d00000, 0x00000000e8d00000| Complete 
| 142|0x00000000e8e00000, 0x00000000e8f00000, 0x00000000e8f00000|100%| E|CS|TAMS 0x00000000e8e00000, 0x00000000e8e00000| Complete 
| 143|0x00000000e8f00000, 0x00000000e9000000, 0x00000000e9000000|100%| E|CS|TAMS 0x00000000e8f00000, 0x00000000e8f00000| Complete 
| 144|0x00000000e9000000, 0x00000000e9100000, 0x00000000e9100000|100%| E|CS|TAMS 0x00000000e9000000, 0x00000000e9000000| Complete 
| 145|0x00000000e9100000, 0x00000000e9200000, 0x00000000e9200000|100%| E|CS|TAMS 0x00000000e9100000, 0x00000000e9100000| Complete 
| 146|0x00000000e9200000, 0x00000000e9300000, 0x00000000e9300000|100%| E|CS|TAMS 0x00000000e9200000, 0x00000000e9200000| Complete 
| 147|0x00000000e9300000, 0x00000000e9400000, 0x00000000e9400000|100%| E|CS|TAMS 0x00000000e9300000, 0x00000000e9300000| Complete 
| 148|0x00000000e9400000, 0x00000000e9500000, 0x00000000e9500000|100%| E|CS|TAMS 0x00000000e9400000, 0x00000000e9400000| Complete 
| 149|0x00000000e9500000, 0x00000000e9600000, 0x00000000e9600000|100%| E|CS|TAMS 0x00000000e9500000, 0x00000000e9500000| Complete 
| 150|0x00000000e9600000, 0x00000000e9700000, 0x00000000e9700000|100%| E|CS|TAMS 0x00000000e9600000, 0x00000000e9600000| Complete 
| 151|0x00000000e9700000, 0x00000000e9800000, 0x00000000e9800000|100%| E|CS|TAMS 0x00000000e9700000, 0x00000000e9700000| Complete 
| 152|0x00000000e9800000, 0x00000000e9900000, 0x00000000e9900000|100%| E|CS|TAMS 0x00000000e9800000, 0x00000000e9800000| Complete 
| 153|0x00000000e9900000, 0x00000000e9a00000, 0x00000000e9a00000|100%| E|CS|TAMS 0x00000000e9900000, 0x00000000e9900000| Complete 
| 510|0x00000000ffe00000, 0x00000000ffe76000, 0x00000000fff00000| 46%|OA|  |TAMS 0x00000000ffe00000, 0x00000000ffe00000| Untracked 
| 511|0x00000000fff00000, 0x00000000fff88000, 0x0000000100000000| 53%|CA|  |TAMS 0x00000000fff00000, 0x00000000fff00000| Untracked 

Card table byte_map: [0x00007f6f817fe000,0x00007f6f818fe000] _byte_map_base: 0x00007f6f810fe000

Marking Bits (Prev, Next): (CMBitMap*) 0x00007f6f7c053290, (CMBitMap*) 0x00007f6f7c0532d0
 Prev Bits: [0x00007f6f80efe000, 0x00007f6f816fe000)
 Next Bits: [0x00007f6f806fe000, 0x00007f6f80efe000)

Polling page: 0x00007f6f8458a000

Metaspace:

Usage:
  Non-class:     15.17 MB used.
      Class:      1.93 MB used.
       Both:     17.10 MB used.

Virtual space:
  Non-class space:       16.00 MB reserved,      15.25 MB ( 95%) committed,  2 nodes.
      Class space:        1.00 GB reserved,       2.06 MB ( <1%) committed,  1 nodes.
              Both:        1.02 GB reserved,      17.31 MB (  2%) committed. 

Chunk freelists:
   Non-Class:  704.00 KB
       Class:  1.97 MB
        Both:  2.66 MB

MaxMetaspaceSize: 17179869184.00 GB
CompressedClassSpaceSize: 1.00 GB
 - commit_granule_bytes: 65536.
 - commit_granule_words: 8192.
 - virtual_space_node_default_size: 1048576.
 - enlarge_chunks_in_place: 1.
 - new_chunks_are_fully_committed: 0.
 - uncommit_free_chunks: 1.
 - use_allocation_guard: 0.
 - handle_deallocations: 1.


Internal statistics:

num_allocs_failed_limit: 0.
num_arena_births: 194.
num_arena_deaths: 0.
num_vsnodes_births: 3.
num_vsnodes_deaths: 0.
num_space_committed: 277.
num_space_uncommitted: 0.
num_chunks_returned_to_freelist: 0.
num_chunks_taken_from_freelist: 774.
num_chunk_merges: 0.
num_chunk_splits: 506.
num_chunks_enlarged: 374.
num_purges: 0.

CodeHeap 'non-profiled nmethods': size=120032Kb used=1110Kb max_used=1110Kb free=118921Kb
 bounds [0x00007f6f6c06e000, 0x00007f6f6c2de000, 0x00007f6f735a6000]
CodeHeap 'profiled nmethods': size=120028Kb used=5001Kb max_used=5001Kb free=115027Kb
 bounds [0x00007f6f64b37000, 0x00007f6f65027000, 0x00007f6f6c06e000]
CodeHeap 'non-nmethods': size=5700Kb used=1202Kb max_used=1254Kb free=4497Kb
 bounds [0x00007f6f645a6000, 0x00007f6f64816000, 0x00007f6f64b37000]
 total_blobs=3268 nmethods=2770 adapters=411
 compilation: enabled
              stopped_count=0, restarted_count=0
 full_count=0

Compilation events (20 events):
Event: 3.891 Thread 0x00007f6f7c10fae0 nmethod 2667 0x00007f6f64fdec10 code [0x00007f6f64fdede0, 0x00007f6f64fdefc0]
Event: 3.891 Thread 0x00007f6f7c10fae0 2665       2       java.lang.reflect.AccessibleObject::checkAccess (40 bytes)
Event: 3.892 Thread 0x00007f6f7c10fae0 nmethod 2665 0x00007f6f64fdf190 code [0x00007f6f64fdf360, 0x00007f6f64fdf550]
Event: 3.892 Thread 0x00007f6f7c10fae0 2668       2       org.springframework.core.annotation.SynthesizedMergedAnnotationInvocationHandler::$jacocoInit (53 bytes)
Event: 3.892 Thread 0x00007f6f7c10fae0 nmethod 2668 0x00007f6f64fdf690 code [0x00007f6f64fdf880, 0x00007f6f64fdfe10]
Event: 3.906 Thread 0x00007f6f7c10fae0 2670       2       java.util.ArrayList$Itr::next (66 bytes)
Event: 3.907 Thread 0x00007f6f7c10fae0 nmethod 2670 0x00007f6f64fe0010 code [0x00007f6f64fe01e0, 0x00007f6f64fe05a0]
Event: 3.907 Thread 0x00007f6f7c10fae0 2671       2       ch.qos.logback.classic.util.LoggerNameUtil::getSeparatorIndexOf (110 bytes)
Event: 3.908 Thread 0x00007f6f7c10fae0 nmethod 2671 0x00007f6f64fe0790 code [0x00007f6f64fe09a0, 0x00007f6f64fe0dc0]
Event: 3.908 Thread 0x00007f6f7c10fae0 2672       2       ch.qos.logback.classic.util.LoggerNameUtil::$jacocoInit (52 bytes)
Event: 3.909 Thread 0x00007f6f7c10fae0 nmethod 2672 0x00007f6f64fe1010 code [0x00007f6f64fe1200, 0x00007f6f64fe1790]
Event: 3.910 Thread 0x00007f6f7c10fae0 2673       2       java.lang.ref.WeakReference::<init> (6 bytes)
Event: 3.910 Thread 0x00007f6f7c10fae0 nmethod 2673 0x00007f6f64fe1990 code [0x00007f6f64fe1b40, 0x00007f6f64fe1d10]
Event: 3.934 Thread 0x00007f6f7c10fae0 2676       2       org.springframework.core.annotation.TypeMappedAnnotations::from (41 bytes)
Event: 3.935 Thread 0x00007f6f7c10fae0 nmethod 2676 0x00007f6f64fe1d90 code [0x00007f6f64fe1f60, 0x00007f6f64fe21e0]
Event: 3.935 Thread 0x00007f6f7c10fae0 2677       2       org.springframework.core.annotation.AnnotationsScanner::isKnownEmpty (133 bytes)
Event: 3.935 Thread 0x00007f6f7c10fae0 nmethod 2677 0x00007f6f64fe2390 code [0x00007f6f64fe25a0, 0x00007f6f64fe2a70]
Event: 3.938 Thread 0x00007f6f7c10fae0 2678       2       java.lang.Package$VersionInfo::getInstance (53 bytes)
Event: 3.939 Thread 0x00007f6f7c10fae0 nmethod 2678 0x00007f6f64fe2d90 code [0x00007f6f64fe2f40, 0x00007f6f64fe31a0]
Event: 3.941 Thread 0x00007f6f7c10fae0 2679       2       java.lang.reflect.Constructor::<init> (50 bytes)

GC Heap History (8 events):
Event: 0.517 GC heap before
{Heap before GC invocations=0 (full 0):
 garbage-first heap   total 159744K, used 16376K [0x00000000e0000000, 0x0000000100000000)
  region size 1024K, 13 young (13312K), 0 survivors (0K)
 Metaspace       used 1894K, committed 1984K, reserved 1056768K
  class space    used 162K, committed 192K, reserved 1048576K
}
Event: 0.523 GC heap after
{Heap after GC invocations=1 (full 0):
 garbage-first heap   total 159744K, used 11549K [0x00000000e0000000, 0x0000000100000000)
  region size 1024K, 2 young (2048K), 2 survivors (2048K)
 Metaspace       used 1894K, committed 1984K, reserved 1056768K
  class space    used 162K, committed 192K, reserved 1048576K
}
Event: 0.839 GC heap before
{Heap before GC invocations=1 (full 0):
 garbage-first heap   total 159744K, used 21789K [0x00000000e0000000, 0x0000000100000000)
  region size 1024K, 12 young (12288K), 2 survivors (2048K)
 Metaspace       used 3204K, committed 3392K, reserved 1056768K
  class space    used 281K, committed 384K, reserved 1048576K
}
Event: 0.843 GC heap after
{Heap after GC invocations=2 (full 0):
 garbage-first heap   total 159744K, used 12549K [0x00000000e0000000, 0x0000000100000000)
  region size 1024K, 1 young (1024K), 1 survivors (1024K)
 Metaspace       used 3204K, committed 3392K, reserved 1056768K
  class space    used 281K, committed 384K, reserved 1048576K
}
Event: 1.402 GC heap before
{Heap before GC invocations=2 (full 0):
 garbage-first heap   total 159744K, used 39173K [0x00000000e0000000, 0x0000000100000000)
  region size 1024K, 27 young (27648K), 1 survivors (1024K)
 Metaspace       used 6314K, committed 6400K, reserved 1056768K
  class space    used 659K, committed 704K, reserved 1048576K
}
Event: 1.409 GC heap after
{Heap after GC invocations=3 (full 0):
 garbage-first heap   total 159744K, used 14028K [0x00000000e0000000, 0x0000000100000000)
  region size 1024K, 3 young (3072K), 3 survivors (3072K)
 Metaspace       used 6314K, committed 6400K, reserved 1056768K
  class space    used 659K, committed 704K, reserved 1048576K
}
Event: 3.030 GC heap before
{Heap before GC invocations=3 (full 0):
 garbage-first heap   total 159744K, used 104140K [0x00000000e0000000, 0x0000000100000000)
  region size 1024K, 92 young (94208K), 3 survivors (3072K)
 Metaspace       used 12592K, committed 12864K, reserved 1064960K
  class space    used 1405K, committed 1536K, reserved 1048576K
}
Event: 3.039 GC heap after
{Heap after GC invocations=4 (full 0):
 garbage-first heap   total 159744K, used 16095K [0x00000000e0000000, 0x0000000100000000)
  region size 1024K, 5 young (5120K), 5 survivors (5120K)
 Metaspace       used 12592K, committed 12864K, reserved 1064960K
  class space    used 1405K, committed 1536K, reserved 1048576K
}

Deoptimization events (20 events):
Event: 3.582 Thread 0x00007f6f7cc011e0 DEOPT PACKING pc=0x00007f6f6c163358 sp=0x00007f6f541f4380
Event: 3.582 Thread 0x00007f6f7cc011e0 DEOPT UNPACKING pc=0x00007f6f645f3424 sp=0x00007f6f541f4320 mode 2
Event: 3.606 Thread 0x00007f6f7cc011e0 DEOPT PACKING pc=0x00007f6f64ca73c2 sp=0x00007f6f541f3af0
Event: 3.606 Thread 0x00007f6f7cc011e0 DEOPT UNPACKING pc=0x00007f6f645f3bba sp=0x00007f6f541f3220 mode 0
Event: 3.707 Thread 0x00007f6f7cc011e0 Uncommon trap: trap_request=0xffffffbe fr.pc=0x00007f6f6c163358 relative=0x0000000000000cd8
Event: 3.707 Thread 0x00007f6f7cc011e0 Uncommon trap: reason=profile_predicate action=maybe_recompile pc=0x00007f6f6c163358 method=org.jacoco.agent.rt.internal_3570298.asm.MethodWriter.putFrame()V @ 253 c2
Event: 3.707 Thread 0x00007f6f7cc011e0 DEOPT PACKING pc=0x00007f6f6c163358 sp=0x00007f6f541f4310
Event: 3.707 Thread 0x00007f6f7cc011e0 DEOPT UNPACKING pc=0x00007f6f645f3424 sp=0x00007f6f541f42b0 mode 2
Event: 3.711 Thread 0x00007f6f7cc011e0 Uncommon trap: trap_request=0xffffffbe fr.pc=0x00007f6f6c163358 relative=0x0000000000000cd8
Event: 3.711 Thread 0x00007f6f7cc011e0 Uncommon trap: reason=profile_predicate action=maybe_recompile pc=0x00007f6f6c163358 method=org.jacoco.agent.rt.internal_3570298.asm.MethodWriter.putFrame()V @ 253 c2
Event: 3.711 Thread 0x00007f6f7cc011e0 DEOPT PACKING pc=0x00007f6f6c163358 sp=0x00007f6f541f3ed0
Event: 3.711 Thread 0x00007f6f7cc011e0 DEOPT UNPACKING pc=0x00007f6f645f3424 sp=0x00007f6f541f3e70 mode 2
Event: 3.780 Thread 0x00007f6f7cc011e0 DEOPT PACKING pc=0x00007f6f64ca73c2 sp=0x00007f6f541f4a20
Event: 3.780 Thread 0x00007f6f7cc011e0 DEOPT UNPACKING pc=0x00007f6f645f3bba sp=0x00007f6f541f4150 mode 0
Event: 3.886 Thread 0x00007f6f7cc011e0 DEOPT PACKING pc=0x00007f6f64ca73c2 sp=0x00007f6f541f39e0
Event: 3.886 Thread 0x00007f6f7cc011e0 DEOPT UNPACKING pc=0x00007f6f645f3bba sp=0x00007f6f541f3110 mode 0
Event: 3.921 Thread 0x00007f6f7cc011e0 DEOPT PACKING pc=0x00007f6f64ca73c2 sp=0x00007f6f541f3d60
Event: 3.921 Thread 0x00007f6f7cc011e0 DEOPT UNPACKING pc=0x00007f6f645f3bba sp=0x00007f6f541f3490 mode 0
Event: 3.932 Thread 0x00007f6f7cc011e0 DEOPT PACKING pc=0x00007f6f64d230c0 sp=0x00007f6f541f4340
Event: 3.932 Thread 0x00007f6f7cc011e0 DEOPT UNPACKING pc=0x00007f6f645f3bba sp=0x00007f6f541f3840 mode 0

Classes unloaded (0 events):
No events

Classes redefined (0 events):
No events

Internal exceptions (20 events):
Event: 2.108 Thread 0x00007f6f7cc011e0 Exception <a 'java/lang/ClassNotFoundException'{0x00000000e7440a08}: sun/util/logging/resources/spi/loggingProvider> (0x00000000e7440a08) 
thrown [./src/hotspot/share/classfile/systemDictionary.cpp, line 256]
Event: 2.146 Thread 0x00007f6f7cc011e0 Exception <a 'java/lang/NoSuchMethodError'{0x00000000e73d1ab8}: 'void java.lang.invoke.DirectMethodHandle$Holder.invokeInterface(java.lang.Object, java.lang.Object, java.lang.Object, java.lang.Object)'> (0x00000000e73d1ab8) 
thrown [./src/hotspot/share/interpreter/linkResolver.cpp, line 790]
Event: 2.147 Thread 0x00007f6f7cc011e0 Exception <a 'java/lang/IncompatibleClassChangeError'{0x00000000e73d53c0}: Found class java.lang.Object, but interface was expected> (0x00000000e73d53c0) 
thrown [./src/hotspot/share/interpreter/linkResolver.cpp, line 857]
Event: 2.180 Thread 0x00007f6f7cc011e0 Exception <a 'java/lang/NoSuchMethodError'{0x00000000e7196798}: 'int java.lang.invoke.DirectMethodHandle$Holder.invokeStatic(java.lang.Object, java.lang.Object, java.lang.Object, java.lang.Object)'> (0x00000000e7196798) 
thrown [./src/hotspot/share/interpreter/linkResolver.cpp, line 790]
Event: 2.180 Thread 0x00007f6f7cc011e0 Exception <a 'java/lang/NoSuchMethodError'{0x00000000e719a2f0}: 'java.lang.Object java.lang.invoke.Invokers$Holder.invokeExact_MT(java.lang.Object, java.lang.Object, java.lang.Object, java.lang.Object, java.lang.Object, java.lang.Object)'> (0x00000000e719a2f0) 
thrown [./src/hotspot/share/interpreter/linkResolver.cpp, line 790]
Event: 2.183 Thread 0x00007f6f7cc011e0 Exception <a 'java/lang/NoSuchMethodError'{0x00000000e71aa9d0}: 'int java.lang.invoke.DirectMethodHandle$Holder.invokeStatic(java.lang.Object, java.lang.Object, java.lang.Object, java.lang.Object, java.lang.Object)'> (0x00000000e71aa9d0) 
thrown [./src/hotspot/share/interpreter/linkResolver.cpp, line 790]
Event: 2.263 Thread 0x00007f6f7cc011e0 Exception <a 'java/lang/NoSuchMethodError'{0x00000000e6da1390}: 'int java.lang.invoke.DirectMethodHandle$Holder.invokeStaticInit(java.lang.Object, java.lang.Object, java.lang.Object)'> (0x00000000e6da1390) 
thrown [./src/hotspot/share/interpreter/linkResolver.cpp, line 790]
Event: 2.279 Thread 0x00007f6f7cc011e0 Exception <a 'java/lang/NoSuchMethodError'{0x00000000e6c9d6e0}: 'int java.lang.invoke.DirectMethodHandle$Holder.invokeStaticInit(java.lang.Object, java.lang.Object)'> (0x00000000e6c9d6e0) 
thrown [./src/hotspot/share/interpreter/linkResolver.cpp, line 790]
Event: 2.388 Thread 0x00007f6f7cc011e0 Exception <a 'java/lang/NoSuchMethodError'{0x00000000e6508b20}: 'java.lang.Object java.lang.invoke.DirectMethodHandle$Holder.invokeVirtual(java.lang.Object, java.lang.Object, java.lang.Object)'> (0x00000000e6508b20) 
thrown [./src/hotspot/share/interpreter/linkResolver.cpp, line 790]
Event: 2.391 Thread 0x00007f6f7cc011e0 Exception <a 'java/lang/NoSuchMethodError'{0x00000000e65162a8}: 'java.lang.Object java.lang.invoke.DirectMethodHandle$Holder.invokeInterface(java.lang.Object, java.lang.Object, java.lang.Object)'> (0x00000000e65162a8) 
thrown [./src/hotspot/share/interpreter/linkResolver.cpp, line 790]
Event: 2.498 Thread 0x00007f6f7cc011e0 Exception <a 'java/lang/ClassNotFoundException'{0x00000000e5db4a78}: javax/smartcardio/CardPermission> (0x00000000e5db4a78) 
thrown [./src/hotspot/share/classfile/systemDictionary.cpp, line 256]
Event: 2.502 Thread 0x00007f6f7cc011e0 Exception <a 'java/io/FileNotFoundException'{0x00000000e5dc4780}> (0x00000000e5dc4780) 
thrown [./src/hotspot/share/prims/jni.cpp, line 579]
Event: 2.576 Thread 0x00007f6f7cc011e0 Exception <a 'java/lang/NoSuchMethodError'{0x00000000e577aae8}: 'org.slf4j.impl.StaticMDCBinder org.slf4j.impl.StaticMDCBinder.getSingleton()'> (0x00000000e577aae8) 
thrown [./src/hotspot/share/interpreter/linkResolver.cpp, line 790]
Event: 2.632 Thread 0x00007f6f7cc011e0 Exception <a 'java/lang/IncompatibleClassChangeError'{0x00000000e54f6378}: Found class java.lang.Object, but interface was expected> (0x00000000e54f6378) 
thrown [./src/hotspot/share/interpreter/linkResolver.cpp, line 857]
Event: 3.369 Thread 0x00007f6f7cc011e0 Exception <a 'java/lang/NoSuchMethodError'{0x00000000e8122e18}: 'void java.lang.invoke.DirectMethodHandle$Holder.invokeVirtual(java.lang.Object, java.lang.Object, java.lang.Object, java.lang.Object)'> (0x00000000e8122e18) 
thrown [./src/hotspot/share/interpreter/linkResolver.cpp, line 790]
Event: 3.859 Thread 0x00007f6f7cc011e0 Exception <a 'java/lang/NoSuchMethodError'{0x00000000e5e8ece0}: 'java.lang.Object java.lang.invoke.DirectMethodHandle$Holder.newInvokeSpecial(java.lang.Object, java.lang.Object, java.lang.Object, java.lang.Object, java.lang.Object, java.lang.Object, java.lang.Object)'> (0x00000000e5e8ece0) 
thrown [./src/hotspot/share/interpreter/linkResolver.cpp, line 790]
Event: 3.860 Thread 0x00007f6f7cc011e0 Exception <a 'java/lang/NoSuchMethodError'{0x00000000e5e93a98}: 'java.lang.Object java.lang.invoke.Invokers$Holder.linkToTargetMethod(java.lang.Object, java.lang.Object, java.lang.Object, java.lang.Object, java.lang.Object, java.lang.Object, java.lang.Object)'> (0x00000000e5e93a98) 
thrown [./src/hotspot/share/interpreter/linkResolver.cpp, line 790]
Event: 3.862 Thread 0x00007f6f7cc011e0 Exception <a 'java/lang/NoSuchMethodError'{0x00000000e5e9f578}: 'java.lang.Object java.lang.invoke.DirectMethodHandle$Holder.invokeInterface(java.lang.Object, java.lang.Object, java.lang.Object, java.lang.Object, java.lang.Object)'> (0x00000000e5e9f578) 
thrown [./src/hotspot/share/interpreter/linkResolver.cpp, line 790]
Event: 3.862 Thread 0x00007f6f7cc011e0 Exception <a 'java/lang/IncompatibleClassChangeError'{0x00000000e5ea3570}: Found class java.lang.Object, but interface was expected> (0x00000000e5ea3570) 
thrown [./src/hotspot/share/interpreter/linkResolver.cpp, line 857]
Event: 3.923 Thread 0x00007f6f7cc011e0 Exception <a 'java/lang/NoSuchMethodError'{0x00000000e5aa1000}: 'int java.lang.invoke.DirectMethodHandle$Holder.invokeVirtual(java.lang.Object, java.lang.Object, java.lang.Object)'> (0x00000000e5aa1000) 
thrown [./src/hotspot/share/interpreter/linkResolver.cpp, line 790]

Events (20 events):
Event: 3.732 loading class java/util/function/UnaryOperator
Event: 3.732 loading class java/util/function/UnaryOperator done
Event: 3.734 loading class java/util/ConcurrentModificationException
Event: 3.734 loading class java/util/ConcurrentModificationException done
Event: 3.799 loading class java/util/EventListener
Event: 3.799 loading class java/util/EventListener done
Event: 3.814 loading class jdk/internal/reflect/UnsafeQualifiedStaticIntegerFieldAccessorImpl
Event: 3.814 loading class jdk/internal/reflect/UnsafeQualifiedStaticIntegerFieldAccessorImpl done
Event: 3.815 loading class jdk/internal/reflect/UnsafeQualifiedStaticObjectFieldAccessorImpl
Event: 3.815 loading class jdk/internal/reflect/UnsafeQualifiedStaticObjectFieldAccessorImpl done
Event: 3.843 loading class java/util/EventObject
Event: 3.844 loading class java/util/EventObject done
Event: 3.847 Executing  VM operation: ICBufferFull
Event: 3.847 Executing  VM operation: ICBufferFull done
Event: 3.867 loading class java/util/ArrayList$ListItr
Event: 3.868 loading class java/util/ArrayList$ListItr done
Event: 3.868 Executing  VM operation: HandshakeAllThreads
Event: 3.868 Executing  VM operation: HandshakeAllThreads done
Event: 3.910 loading class java/util/concurrent/TimeoutException
Event: 3.910 loading class java/util/concurrent/TimeoutException done


Dynamic libraries:
e0000000-e9a00000 rw-p 00000000 00:00 0 
e9a00000-ffe00000 ---p 00000000 00:00 0 
ffe00000-ffe76000 rw-p 00cb8000 08:06 2098256                            /home/cedric/.jdks/corretto-16.0.2/lib/server/classes.jsa
ffe76000-fff00000 rw-p 00000000 00:00 0 
fff00000-fff88000 rw-p 00c30000 08:06 2098256                            /home/cedric/.jdks/corretto-16.0.2/lib/server/classes.jsa
fff88000-100000000 rw-p 00000000 00:00 0 
800000000-800003000 rwxp 00001000 08:06 2098256                          /home/cedric/.jdks/corretto-16.0.2/lib/server/classes.jsa
800003000-80043c000 rw-p 00004000 08:06 2098256                          /home/cedric/.jdks/corretto-16.0.2/lib/server/classes.jsa
80043c000-800bf7000 r--p 0043d000 08:06 2098256                          /home/cedric/.jdks/corretto-16.0.2/lib/server/classes.jsa
800bf7000-800c00000 ---p 00000000 00:00 0 
800c00000-800c40000 rw-p 00000000 00:00 0 
800c40000-800c80000 rw-p 00000000 00:00 0 
800c80000-800cc0000 rw-p 00000000 00:00 0 
800cc0000-800d00000 rw-p 00000000 00:00 0 
800d00000-800e10000 rw-p 00000000 00:00 0 
800e10000-840c00000 ---p 00000000 00:00 0 
55c564c00000-55c564c01000 r-xp 00000000 08:06 2098367                    /home/cedric/.jdks/corretto-16.0.2/bin/java
55c564e01000-55c564e02000 r--p 00001000 08:06 2098367                    /home/cedric/.jdks/corretto-16.0.2/bin/java
55c564e02000-55c564e03000 rw-p 00002000 08:06 2098367                    /home/cedric/.jdks/corretto-16.0.2/bin/java
55c5663f5000-55c56643d000 rw-p 00000000 00:00 0                          [heap]
7f6eec000000-7f6eec021000 rw-p 00000000 00:00 0 
7f6eec021000-7f6ef0000000 ---p 00000000 00:00 0 
7f6ef4000000-7f6ef4021000 rw-p 00000000 00:00 0 
7f6ef4021000-7f6ef8000000 ---p 00000000 00:00 0 
7f6ef8000000-7f6ef80e2000 rw-p 00000000 00:00 0 
7f6ef80e2000-7f6efc000000 ---p 00000000 00:00 0 
7f6efc000000-7f6efc021000 rw-p 00000000 00:00 0 
7f6efc021000-7f6f00000000 ---p 00000000 00:00 0 
7f6f00000000-7f6f00359000 rw-p 00000000 00:00 0 
7f6f00359000-7f6f04000000 ---p 00000000 00:00 0 
7f6f04000000-7f6f057fc000 rw-p 00000000 00:00 0 
7f6f057fc000-7f6f08000000 ---p 00000000 00:00 0 
7f6f08000000-7f6f08021000 rw-p 00000000 00:00 0 
7f6f08021000-7f6f0c000000 ---p 00000000 00:00 0 
7f6f0c000000-7f6f0c066000 rw-p 00000000 00:00 0 
7f6f0c066000-7f6f10000000 ---p 00000000 00:00 0 
7f6f10000000-7f6f10021000 rw-p 00000000 00:00 0 
7f6f10021000-7f6f14000000 ---p 00000000 00:00 0 
7f6f14000000-7f6f14021000 rw-p 00000000 00:00 0 
7f6f14021000-7f6f18000000 ---p 00000000 00:00 0 
7f6f18000000-7f6f18021000 rw-p 00000000 00:00 0 
7f6f18021000-7f6f1c000000 ---p 00000000 00:00 0 
7f6f1c000000-7f6f1d35f000 rw-p 00000000 00:00 0 
7f6f1d35f000-7f6f20000000 ---p 00000000 00:00 0 
7f6f20000000-7f6f20b5b000 rw-p 00000000 00:00 0 
7f6f20b5b000-7f6f24000000 ---p 00000000 00:00 0 
7f6f24000000-7f6f24021000 rw-p 00000000 00:00 0 
7f6f24021000-7f6f28000000 ---p 00000000 00:00 0 
7f6f28000000-7f6f28021000 rw-p 00000000 00:00 0 
7f6f28021000-7f6f2c000000 ---p 00000000 00:00 0 
7f6f2c000000-7f6f2c021000 rw-p 00000000 00:00 0 
7f6f2c021000-7f6f30000000 ---p 00000000 00:00 0 
7f6f31800000-7f6f31900000 rw-p 00000000 00:00 0 
7f6f31900000-7f6f319f0000 rw-p 00000000 00:00 0 
7f6f319f0000-7f6f31a00000 ---p 00000000 00:00 0 
7f6f31a00000-7f6f31f60000 rw-p 00000000 00:00 0 
7f6f31f60000-7f6f32000000 ---p 00000000 00:00 0 
7f6f321fe000-7f6f321ff000 ---p 00000000 00:00 0 
7f6f321ff000-7f6f32300000 rw-p 00000000 00:00 0 
7f6f32300000-7f6f32304000 ---p 00000000 00:00 0 
7f6f32304000-7f6f32400000 rw-p 00000000 00:00 0 
7f6f32400000-7f6f32402000 r-xp 00000000 08:06 2098299                    /home/cedric/.jdks/corretto-16.0.2/lib/libextnet.so
7f6f32402000-7f6f32601000 ---p 00002000 08:06 2098299                    /home/cedric/.jdks/corretto-16.0.2/lib/libextnet.so
7f6f32601000-7f6f32602000 r--p 00001000 08:06 2098299                    /home/cedric/.jdks/corretto-16.0.2/lib/libextnet.so
7f6f32602000-7f6f32603000 rw-p 00000000 00:00 0 
7f6f32700000-7f6f32704000 ---p 00000000 00:00 0 
7f6f32704000-7f6f32800000 rw-p 00000000 00:00 0 
7f6f32800000-7f6f32810000 r-xp 00000000 08:06 2098257                    /home/cedric/.jdks/corretto-16.0.2/lib/libverify.so
7f6f32810000-7f6f32a10000 ---p 00010000 08:06 2098257                    /home/cedric/.jdks/corretto-16.0.2/lib/libverify.so
7f6f32a10000-7f6f32a12000 r--p 00010000 08:06 2098257                    /home/cedric/.jdks/corretto-16.0.2/lib/libverify.so
7f6f32a12000-7f6f32a13000 rw-p 00000000 00:00 0 
7f6f32a51000-7f6f40000000 r--p 00000000 08:06 4854544                    /usr/lib64/locale/locale-archive
7f6f40000000-7f6f40021000 rw-p 00000000 00:00 0 
7f6f40021000-7f6f44000000 ---p 00000000 00:00 0 
7f6f44000000-7f6f44021000 rw-p 00000000 00:00 0 
7f6f44021000-7f6f48000000 ---p 00000000 00:00 0 
7f6f48000000-7f6f48021000 rw-p 00000000 00:00 0 
7f6f48021000-7f6f4c000000 ---p 00000000 00:00 0 
7f6f4c000000-7f6f4c021000 rw-p 00000000 00:00 0 
7f6f4c021000-7f6f50000000 ---p 00000000 00:00 0 
7f6f50000000-7f6f50021000 rw-p 00000000 00:00 0 
7f6f50021000-7f6f54000000 ---p 00000000 00:00 0 
7f6f540fc000-7f6f54100000 ---p 00000000 00:00 0 
7f6f54100000-7f6f541fc000 rw-p 00000000 00:00 0 
7f6f541fc000-7f6f541fd000 ---p 00000000 00:00 0 
7f6f541fd000-7f6f542fe000 rw-p 00000000 00:00 0 
7f6f542fe000-7f6f542ff000 ---p 00000000 00:00 0 
7f6f542ff000-7f6f54400000 rw-p 00000000 00:00 0 
7f6f54400000-7f6f54414000 r-xp 00000000 08:06 2098263                    /home/cedric/.jdks/corretto-16.0.2/lib/libnet.so
7f6f54414000-7f6f54614000 ---p 00014000 08:06 2098263                    /home/cedric/.jdks/corretto-16.0.2/lib/libnet.so
7f6f54614000-7f6f54615000 r--p 00014000 08:06 2098263                    /home/cedric/.jdks/corretto-16.0.2/lib/libnet.so
7f6f54615000-7f6f54616000 rw-p 00015000 08:06 2098263                    /home/cedric/.jdks/corretto-16.0.2/lib/libnet.so
7f6f54700000-7f6f54704000 ---p 00000000 00:00 0 
7f6f54704000-7f6f54800000 rw-p 00000000 00:00 0 
7f6f54800000-7f6f54812000 r-xp 00000000 08:06 2098264                    /home/cedric/.jdks/corretto-16.0.2/lib/libnio.so
7f6f54812000-7f6f54a11000 ---p 00012000 08:06 2098264                    /home/cedric/.jdks/corretto-16.0.2/lib/libnio.so
7f6f54a11000-7f6f54a12000 r--p 00011000 08:06 2098264                    /home/cedric/.jdks/corretto-16.0.2/lib/libnio.so
7f6f54a12000-7f6f54a13000 rw-p 00012000 08:06 2098264                    /home/cedric/.jdks/corretto-16.0.2/lib/libnio.so
7f6f54afe000-7f6f54aff000 ---p 00000000 00:00 0 
7f6f54aff000-7f6f54c00000 rw-p 00000000 00:00 0 
7f6f54c00000-7f6f54c1a000 r-xp 00000000 08:06 2098261                    /home/cedric/.jdks/corretto-16.0.2/lib/libzip.so
7f6f54c1a000-7f6f54e19000 ---p 0001a000 08:06 2098261                    /home/cedric/.jdks/corretto-16.0.2/lib/libzip.so
7f6f54e19000-7f6f54e1a000 r--p 00019000 08:06 2098261                    /home/cedric/.jdks/corretto-16.0.2/lib/libzip.so
7f6f54e1a000-7f6f54e1b000 rw-p 00000000 00:00 0 
7f6f54f00000-7f6f54f04000 ---p 00000000 00:00 0 
7f6f54f04000-7f6f55000000 rw-p 00000000 00:00 0 
7f6f55000000-7f6f55004000 ---p 00000000 00:00 0 
7f6f55004000-7f6f55100000 rw-p 00000000 00:00 0 
7f6f55100000-7f6f55104000 ---p 00000000 00:00 0 
7f6f55104000-7f6f55200000 rw-p 00000000 00:00 0 
7f6f55200000-7f6f55204000 ---p 00000000 00:00 0 
7f6f55204000-7f6f55300000 rw-p 00000000 00:00 0 
7f6f55300000-7f6f55304000 ---p 00000000 00:00 0 
7f6f55304000-7f6f55400000 rw-p 00000000 00:00 0 
7f6f55400000-7f6f55404000 ---p 00000000 00:00 0 
7f6f55404000-7f6f55500000 rw-p 00000000 00:00 0 
7f6f55500000-7f6f55504000 ---p 00000000 00:00 0 
7f6f55504000-7f6f55600000 rw-p 00000000 00:00 0 
7f6f55600000-7f6f55604000 ---p 00000000 00:00 0 
7f6f55604000-7f6f55700000 rw-p 00000000 00:00 0 
7f6f55700000-7f6f55704000 ---p 00000000 00:00 0 
7f6f55704000-7f6f55c00000 rw-p 00000000 00:00 0 
7f6f55c00000-7f6f58000000 rw-p 00000000 00:00 0 
7f6f58000000-7f6f58021000 rw-p 00000000 00:00 0 
7f6f58021000-7f6f5c000000 ---p 00000000 00:00 0 
7f6f5c000000-7f6f5c021000 rw-p 00000000 00:00 0 
7f6f5c021000-7f6f60000000 ---p 00000000 00:00 0 
7f6f60000000-7f6f60021000 rw-p 00000000 00:00 0 
7f6f60021000-7f6f64000000 ---p 00000000 00:00 0 
7f6f6409f000-7f6f640a3000 ---p 00000000 00:00 0 
7f6f640a3000-7f6f6419f000 rw-p 00000000 00:00 0 
7f6f6419f000-7f6f641a0000 ---p 00000000 00:00 0 
7f6f641a0000-7f6f642a1000 rw-p 00000000 00:00 0 
7f6f642a1000-7f6f642a2000 ---p 00000000 00:00 0 
7f6f642a2000-7f6f643a3000 rw-p 00000000 00:00 0 
7f6f643a3000-7f6f643a4000 ---p 00000000 00:00 0 
7f6f643a4000-7f6f645a6000 rw-p 00000000 00:00 0 
7f6f645a6000-7f6f64816000 rwxp 00000000 00:00 0 
7f6f64816000-7f6f64b37000 ---p 00000000 00:00 0 
7f6f64b37000-7f6f65027000 rwxp 00000000 00:00 0 
7f6f65027000-7f6f6c06e000 ---p 00000000 00:00 0 
7f6f6c06e000-7f6f6c2de000 rwxp 00000000 00:00 0 
7f6f6c2de000-7f6f735a6000 ---p 00000000 00:00 0 
7f6f735a6000-7f6f7c000000 r--s 00000000 08:06 2098243                    /home/cedric/.jdks/corretto-16.0.2/lib/modules
7f6f7c000000-7f6f7cc75000 rw-p 00000000 00:00 0 
7f6f7cc75000-7f6f80000000 ---p 00000000 00:00 0 
7f6f800f5000-7f6f803f8000 rw-p 00000000 00:00 0 
7f6f803f8000-7f6f803f9000 ---p 00000000 00:00 0 
7f6f803f9000-7f6f804fa000 rw-p 00000000 00:00 0 
7f6f804fa000-7f6f804fb000 ---p 00000000 00:00 0 
7f6f804fb000-7f6f805fc000 rw-p 00000000 00:00 0 
7f6f805fc000-7f6f805fd000 ---p 00000000 00:00 0 
7f6f805fd000-7f6f80966000 rw-p 00000000 00:00 0 
7f6f80966000-7f6f80ef6000 ---p 00000000 00:00 0 
7f6f80ef6000-7f6f81166000 rw-p 00000000 00:00 0 
7f6f81166000-7f6f816f6000 ---p 00000000 00:00 0 
7f6f816f6000-7f6f8174b000 rw-p 00000000 00:00 0 
7f6f8174b000-7f6f817fd000 ---p 00000000 00:00 0 
7f6f817fd000-7f6f8184b000 rw-p 00000000 00:00 0 
7f6f8184b000-7f6f818fd000 ---p 00000000 00:00 0 
7f6f818fd000-7f6f8194b000 rw-p 00000000 00:00 0 
7f6f8194b000-7f6f819fd000 ---p 00000000 00:00 0 
7f6f819fd000-7f6f81c00000 rw-p 00000000 00:00 0 
7f6f81c00000-7f6f81c24000 r-xp 00000000 08:06 2098260                    /home/cedric/.jdks/corretto-16.0.2/lib/libjava.so
7f6f81c24000-7f6f81e24000 ---p 00024000 08:06 2098260                    /home/cedric/.jdks/corretto-16.0.2/lib/libjava.so
7f6f81e24000-7f6f81e25000 r--p 00024000 08:06 2098260                    /home/cedric/.jdks/corretto-16.0.2/lib/libjava.so
7f6f81e25000-7f6f81e26000 rw-p 00025000 08:06 2098260                    /home/cedric/.jdks/corretto-16.0.2/lib/libjava.so
7f6f81e26000-7f6f81e27000 rw-p 00000000 00:00 0 
7f6f81eff000-7f6f82000000 rw-p 00000000 00:00 0 
7f6f82000000-7f6f8200a000 r-xp 00000000 08:06 2098282                    /home/cedric/.jdks/corretto-16.0.2/lib/libinstrument.so
7f6f8200a000-7f6f82209000 ---p 0000a000 08:06 2098282                    /home/cedric/.jdks/corretto-16.0.2/lib/libinstrument.so
7f6f82209000-7f6f8220a000 r--p 00009000 08:06 2098282                    /home/cedric/.jdks/corretto-16.0.2/lib/libinstrument.so
7f6f8220a000-7f6f8220b000 rw-p 0000a000 08:06 2098282                    /home/cedric/.jdks/corretto-16.0.2/lib/libinstrument.so
7f6f8227e000-7f6f82400000 rw-p 00000000 00:00 0 
7f6f82400000-7f6f8241b000 r-xp 00000000 08:06 2098262                    /home/cedric/.jdks/corretto-16.0.2/lib/libjimage.so
7f6f8241b000-7f6f8261a000 ---p 0001b000 08:06 2098262                    /home/cedric/.jdks/corretto-16.0.2/lib/libjimage.so
7f6f8261a000-7f6f8261c000 r--p 0001a000 08:06 2098262                    /home/cedric/.jdks/corretto-16.0.2/lib/libjimage.so
7f6f8261c000-7f6f8261d000 rw-p 0001c000 08:06 2098262                    /home/cedric/.jdks/corretto-16.0.2/lib/libjimage.so
7f6f8262a000-7f6f8262f000 rw-p 00000000 00:00 0 
7f6f8262f000-7f6f82715000 ---p 00000000 00:00 0 
7f6f82715000-7f6f8271f000 rw-p 00000000 00:00 0 
7f6f8271f000-7f6f82800000 ---p 00000000 00:00 0 
7f6f82800000-7f6f83abc000 r-xp 00000000 08:06 2098253                    /home/cedric/.jdks/corretto-16.0.2/lib/server/libjvm.so
7f6f83abc000-7f6f83cbb000 ---p 012bc000 08:06 2098253                    /home/cedric/.jdks/corretto-16.0.2/lib/server/libjvm.so
7f6f83cbb000-7f6f83d70000 r--p 012bb000 08:06 2098253                    /home/cedric/.jdks/corretto-16.0.2/lib/server/libjvm.so
7f6f83d70000-7f6f83da4000 rw-p 01370000 08:06 2098253                    /home/cedric/.jdks/corretto-16.0.2/lib/server/libjvm.so
7f6f83da4000-7f6f83dff000 rw-p 00000000 00:00 0 
7f6f83e7d000-7f6f83ed8000 rw-p 00000000 00:00 0 
7f6f83ed8000-7f6f83edc000 ---p 00000000 00:00 0 
7f6f83edc000-7f6f83fd8000 rw-p 00000000 00:00 0 
7f6f83fd8000-7f6f84000000 r--p 00000000 08:06 4854462                    /usr/lib64/libc.so.6
7f6f84000000-7f6f84195000 r-xp 00028000 08:06 4854462                    /usr/lib64/libc.so.6
7f6f84195000-7f6f841ed000 r--p 001bd000 08:06 4854462                    /usr/lib64/libc.so.6
7f6f841ed000-7f6f841f1000 r--p 00214000 08:06 4854462                    /usr/lib64/libc.so.6
7f6f841f1000-7f6f841f3000 rw-p 00218000 08:06 4854462                    /usr/lib64/libc.so.6
7f6f841f3000-7f6f84200000 rw-p 00000000 00:00 0 
7f6f84200000-7f6f84219000 r-xp 00000000 08:06 2098258                    /home/cedric/.jdks/corretto-16.0.2/lib/libjli.so
7f6f84219000-7f6f84418000 ---p 00019000 08:06 2098258                    /home/cedric/.jdks/corretto-16.0.2/lib/libjli.so
7f6f84418000-7f6f84419000 r--p 00018000 08:06 2098258                    /home/cedric/.jdks/corretto-16.0.2/lib/libjli.so
7f6f84419000-7f6f8441a000 rw-p 00019000 08:06 2098258                    /home/cedric/.jdks/corretto-16.0.2/lib/libjli.so
7f6f84420000-7f6f84427000 r--s 00000000 08:06 4854453                    /usr/lib64/gconv/gconv-modules.cache
7f6f84427000-7f6f8447f000 rw-p 00000000 00:00 0 
7f6f8447f000-7f6f84486000 ---p 00000000 00:00 0 
7f6f84486000-7f6f84487000 r--p 00000000 08:06 4854540                    /usr/lib64/librt.so.1
7f6f84487000-7f6f84488000 r-xp 00001000 08:06 4854540                    /usr/lib64/librt.so.1
7f6f84488000-7f6f84489000 r--p 00002000 08:06 4854540                    /usr/lib64/librt.so.1
7f6f84489000-7f6f8448a000 r--p 00002000 08:06 4854540                    /usr/lib64/librt.so.1
7f6f8448a000-7f6f8448b000 rw-p 00003000 08:06 4854540                    /usr/lib64/librt.so.1
7f6f8448b000-7f6f84499000 r--p 00000000 08:06 4854523                    /usr/lib64/libm.so.6
7f6f84499000-7f6f84515000 r-xp 0000e000 08:06 4854523                    /usr/lib64/libm.so.6
7f6f84515000-7f6f84570000 r--p 0008a000 08:06 4854523                    /usr/lib64/libm.so.6
7f6f84570000-7f6f84571000 r--p 000e4000 08:06 4854523                    /usr/lib64/libm.so.6
7f6f84571000-7f6f84572000 rw-p 000e5000 08:06 4854523                    /usr/lib64/libm.so.6
7f6f84572000-7f6f84574000 rw-p 00000000 00:00 0 
7f6f84574000-7f6f84575000 r--p 00000000 08:06 4854521                    /usr/lib64/libdl.so.2
7f6f84575000-7f6f84576000 r-xp 00001000 08:06 4854521                    /usr/lib64/libdl.so.2
7f6f84576000-7f6f84577000 r--p 00002000 08:06 4854521                    /usr/lib64/libdl.so.2
7f6f84577000-7f6f84578000 r--p 00002000 08:06 4854521                    /usr/lib64/libdl.so.2
7f6f84578000-7f6f84579000 rw-p 00003000 08:06 4854521                    /usr/lib64/libdl.so.2
7f6f84579000-7f6f8457a000 r--p 00000000 08:06 4854537                    /usr/lib64/libpthread.so.0
7f6f8457a000-7f6f8457b000 r-xp 00001000 08:06 4854537                    /usr/lib64/libpthread.so.0
7f6f8457b000-7f6f8457c000 r--p 00002000 08:06 4854537                    /usr/lib64/libpthread.so.0
7f6f8457c000-7f6f8457d000 r--p 00002000 08:06 4854537                    /usr/lib64/libpthread.so.0
7f6f8457d000-7f6f8457e000 rw-p 00003000 08:06 4854537                    /usr/lib64/libpthread.so.0
7f6f84582000-7f6f8458a000 rw-s 00000000 00:1d 301                        /tmp/hsperfdata_cedric/14112
7f6f8458a000-7f6f8458b000 ---p 00000000 00:00 0 
7f6f8458b000-7f6f8458c000 r--p 00000000 00:00 0 
7f6f8458c000-7f6f8458e000 rw-p 00000000 00:00 0 
7f6f8458e000-7f6f84590000 r--p 00000000 08:06 4854456                    /usr/lib64/ld-linux-x86-64.so.2
7f6f84590000-7f6f845b9000 r-xp 00002000 08:06 4854456                    /usr/lib64/ld-linux-x86-64.so.2
7f6f845b9000-7f6f845c4000 r--p 0002b000 08:06 4854456                    /usr/lib64/ld-linux-x86-64.so.2
7f6f845c4000-7f6f845c5000 ---p 00000000 00:00 0 
7f6f845c5000-7f6f845c7000 r--p 00036000 08:06 4854456                    /usr/lib64/ld-linux-x86-64.so.2
7f6f845c7000-7f6f845c9000 rw-p 00038000 08:06 4854456                    /usr/lib64/ld-linux-x86-64.so.2
7ffdb0f7c000-7ffdb0f9d000 rw-p 00000000 00:00 0                          [stack]
7ffdb0fda000-7ffdb0fde000 r--p 00000000 00:00 0                          [vvar]
7ffdb0fde000-7ffdb0fe0000 r-xp 00000000 00:00 0                          [vdso]
ffffffffff600000-ffffffffff601000 r-xp 00000000 00:00 0                  [vsyscall]


VM Arguments:
jvm_args: -Dorg.gradle.internal.worker.tmpdir=/home/cedric/Github/hei-admin-api/build/tmp/test/work -Dorg.gradle.native=false -javaagent:build/tmp/expandedArchives/org.jacoco.agent-0.8.7.jar_3a83c50b4a016f281c4e9f3500d16b55/jacocoagent.jar=destfile=build/jacoco/test.exec,append=true,inclnolocationclasses=false,dumponexit=true,output=file,jmx=false --add-opens=java.base/java.util=ALL-UNNAMED --add-opens=java.base/java.lang=ALL-UNNAMED -Xmx512m -Dfile.encoding=UTF-8 -Duser.country=US -Duser.language=en -Duser.variant -ea 
java_command: worker.org.gradle.process.internal.worker.GradleWorkerMain 'Gradle Test Executor 9'
java_class_path (initial): /home/cedric/.gradle/caches/7.1.1/workerMain/gradle-worker.jar:/home/cedric/Github/hei-admin-api/build/classes/java/test:/home/cedric/Github/hei-admin-api/build/resources/test:/home/cedric/Github/hei-admin-api/build/classes/java/main:/home/cedric/Github/hei-admin-api/build/resources/main:/home/cedric/.gradle/caches/modules-2/files-2.1/org.springframework.boot/spring-boot-starter-web/2.5.3/2cb23f2928177eeb9be81036623f4350a86a433/spring-boot-starter-web-2.5.3.jar:/home/cedric/.gradle/caches/modules-2/files-2.1/org.springframework.boot/spring-boot-starter-security/2.5.3/f0b59a90ac52008f7cab9c30ca56cba5624f1f4a/spring-boot-starter-security-2.5.3.jar:/home/cedric/.gradle/caches/modules-2/files-2.1/com.nimbusds/nimbus-jose-jwt/9.10/9735ead6c97a8c7e43e414bfcb85eb40cae0f8ed/nimbus-jose-jwt-9.10.jar:/home/cedric/.gradle/caches/modules-2/files-2.1/org.springframework.boot/spring-boot-starter-data-jpa/2.5.3/6e57512b8907710566daf2b246c724de3e38ad14/spring-boot-starter-data-jpa-2.5.3.jar:/home/cedric/.gradle/caches/modules-2/files-2.1/com.vladmihalcea/hibernate-types-52/1.0.0/36c359e3ca4b8a071d35a7eb05820cfa9edd565e/hibernate-types-52-1.0.0.jar:/home/cedric/.gradle/caches/modules-2/files-2.1/org.flywaydb/flyway-core/7.7.3/3db38ba3109d5f37e76cb36939b8407db183fe75/flyway-core-7.7.3.jar:/home/cedric/.gradle/caches/modules-2/files-2.1/org.postgresql/postgresql/42.2.23/9cb217a3d5b640567ed7c6e8c11f389613c81c4d/postgresql-42.2.23.jar:/home/cedric/.m2/repository/school/hei/haapi-gen/1.0/haapi-gen-1.0.jar:/home/cedric/.gradle/caches/modules-2/files-2.1/software.amazon.awssdk/eventbridge/2.17.109/5e6e6a7ae61e0b4fdbb00b13ffec9fa00153df/eventbridge-2.17.109.jar:/home/cedric/.gradle/caches/modules-2/files-2.1/software.amazon.awssdk/sqs/2.17.109/90b9c5501308d2a73dd0323a78e7f1575db6733e/sqs-2.17.109.jar:/home/cedric/.gradle/caches/modules-2/files-2.1/software.amazon.awssdk/cognitoidentityprovider/2.17.109/afb99777641a7487174ed49d722fd08c1177938b/cognitoidentityprov
Launcher Type: SUN_STANDARD

[Global flags]
     intx CICompilerCount                          = 3                                         {product} {ergonomic}
     uint ConcGCThreads                            = 1                                         {product} {ergonomic}
     uint G1ConcRefinementThreads                  = 4                                         {product} {ergonomic}
   size_t G1HeapRegionSize                         = 1048576                                   {product} {ergonomic}
    uintx GCDrainStackTargetSize                   = 64                                        {product} {ergonomic}
   size_t InitialHeapSize                          = 161480704                                 {product} {ergonomic}
   size_t MarkStackSize                            = 4194304                                   {product} {ergonomic}
   size_t MaxHeapSize                              = 536870912                                 {product} {command line}
   size_t MaxNewSize                               = 321912832                                 {product} {ergonomic}
   size_t MinHeapDeltaBytes                        = 1048576                                   {product} {ergonomic}
   size_t MinHeapSize                              = 8388608                                   {product} {ergonomic}
    uintx NonNMethodCodeHeapSize                   = 5832780                                {pd product} {ergonomic}
    uintx NonProfiledCodeHeapSize                  = 122912730                              {pd product} {ergonomic}
    uintx ProfiledCodeHeapSize                     = 122912730                              {pd product} {ergonomic}
    uintx ReservedCodeCacheSize                    = 251658240                              {pd product} {ergonomic}
     bool SegmentedCodeCache                       = true                                      {product} {ergonomic}
   size_t SoftMaxHeapSize                          = 536870912                              {manageable} {ergonomic}
     bool UseCompressedClassPointers               = true                           {product lp64_product} {ergonomic}
     bool UseCompressedOops                        = true                           {product lp64_product} {ergonomic}
     bool UseG1GC                                  = true                                      {product} {ergonomic}

Logging:
Log output configuration:
 #0: stdout all=warning uptime,level,tags
 #1: stderr all=off uptime,level,tags

Environment Variables:
JAVA_HOME=/opt/jdk18
PATH=/sbin:/bin:/usr/sbin:/usr/bin:/snap/bin:/opt/jdk18/bin:/home/cedric/.local/share/JetBrains/Toolbox/scripts
SHELL=/bin/bash
DISPLAY=:0
LANG=en_US.UTF-8

Signal Handlers:
SIGSEGV: [libjvm.so+0xf67e20], sa_mask[0]=11100100010111111101111111111110, sa_flags=SA_RESTART|SA_SIGINFO
SIGBUS: [libjvm.so+0xf67e20], sa_mask[0]=11100100010111111101111111111110, sa_flags=SA_RESTART|SA_SIGINFO
SIGFPE: [libjvm.so+0xf67e20], sa_mask[0]=11100100010111111101111111111110, sa_flags=SA_RESTART|SA_SIGINFO
SIGPIPE: [libjvm.so+0xe05b30], sa_mask[0]=11100100010111111101111111111110, sa_flags=SA_RESTART|SA_SIGINFO
SIGXFSZ: [libjvm.so+0xe05b30], sa_mask[0]=11100100010111111101111111111110, sa_flags=SA_RESTART|SA_SIGINFO
SIGILL: [libjvm.so+0xf67e20], sa_mask[0]=11100100010111111101111111111110, sa_flags=SA_RESTART|SA_SIGINFO
SIGUSR2: [libjvm.so+0xe05200], sa_mask[0]=00100000000000000000000000000000, sa_flags=SA_RESTART|SA_SIGINFO
SIGHUP: [libjvm.so+0xe05140], sa_mask[0]=11100100010111111101111111111110, sa_flags=SA_RESTART|SA_SIGINFO
SIGINT: [libjvm.so+0xe05140], sa_mask[0]=11100100010111111101111111111110, sa_flags=SA_RESTART|SA_SIGINFO
SIGTERM: [libjvm.so+0xe05140], sa_mask[0]=11100100010111111101111111111110, sa_flags=SA_RESTART|SA_SIGINFO
SIGQUIT: [libjvm.so+0xe05140], sa_mask[0]=11100100010111111101111111111110, sa_flags=SA_RESTART|SA_SIGINFO
SIGTRAP: [libjvm.so+0xf67e20], sa_mask[0]=11100100010111111101111111111110, sa_flags=SA_RESTART|SA_SIGINFO


---------------  S Y S T E M  ---------------

OS:
LSB_VERSION=1.4
DISTRIB_ID=Solus
DISTRIB_DESCRIPTION="Solus"
DISTRIB_RELEASE=4.3
DISTRIB_CODENAME=fortitude
uname: Linux 5.15.61-217.current #1 SMP PREEMPT Sat Aug 20 06:57:36 UTC 2022 x86_64
OS uptime: 0 days 1:18 hours
libc: glibc 2.35 NPTL 2.35 
rlimit (soft/hard): STACK 8192k/infinity , CORE 0k/0k , NPROC 38954/38954 , NOFILE 524288/524288 , AS infinity/infinity , CPU infinity/infinity , DATA infinity/infinity , FSIZE infinity/infinity , MEMLOCK infinity/infinity
load average: 1.22 1.07 1.09

/proc/meminfo:
MemTotal:       10035892 kB
MemFree:         2231228 kB
MemAvailable:    4579016 kB
Buffers:           96892 kB
Cached:          2761972 kB
SwapCached:            0 kB
Active:          1041040 kB
Inactive:        6174628 kB
Active(anon):       6468 kB
Inactive(anon):  4675128 kB
Active(file):    1034572 kB
Inactive(file):  1499500 kB
Unevictable:      289844 kB
Mlocked:              80 kB
SwapTotal:             0 kB
SwapFree:              0 kB
Dirty:              8412 kB
Writeback:             0 kB
AnonPages:       4646736 kB
Mapped:          1052332 kB
Shmem:            324788 kB
KReclaimable:      89372 kB
Slab:             168160 kB
SReclaimable:      89372 kB
SUnreclaim:        78788 kB
KernelStack:       15856 kB
PageTables:        32804 kB
NFS_Unstable:          0 kB
Bounce:                0 kB
WritebackTmp:          0 kB
CommitLimit:     5017944 kB
Committed_AS:    7903148 kB
VmallocTotal:   34359738367 kB
VmallocUsed:       38248 kB
VmallocChunk:          0 kB
Percpu:             5760 kB
AnonHugePages:         0 kB
ShmemHugePages:        0 kB
ShmemPmdMapped:        0 kB
FileHugePages:         0 kB
FilePmdMapped:         0 kB
HugePages_Total:       0
HugePages_Free:        0
HugePages_Rsvd:        0
HugePages_Surp:        0
Hugepagesize:       2048 kB
Hugetlb:               0 kB
DirectMap4k:      242428 kB
DirectMap2M:    10078208 kB

/sys/kernel/mm/transparent_hugepage/enabled: always [madvise] never
/sys/kernel/mm/transparent_hugepage/defrag (defrag/compaction efforts parameter): always defer defer+madvise [madvise] never

Process Memory:
Virtual Size: 3981152K (peak: 4038468K)
Resident Set Size: 237392K (peak: 237392K) (anon: 208684K, file: 28676K, shmem: 32K)
Swapped out: 0K
C-Heap outstanding allocations: 71097K

/proc/sys/kernel/threads-max (system-wide limit on the number of threads): 77908
/proc/sys/vm/max_map_count (maximum number of memory map areas a process may have): 65530
/proc/sys/kernel/pid_max (system-wide limit on number of process identifiers): 4194304

container (cgroup) information:
container_type: cgroupv2
cpu_cpuset_cpus: not supported
cpu_memory_nodes: not supported
active_processor_count: 4
cpu_quota: not supported
cpu_period: not supported
cpu_shares: not supported
memory_limit_in_bytes: unlimited
memory_and_swap_limit_in_bytes: unlimited
memory_soft_limit_in_bytes: unlimited
memory_usage_in_bytes: 7018074112
memory_max_usage_in_bytes: not supported

Steal ticks since vm start: 0
Steal ticks percentage since vm start:  0.000

CPU: total 4 (initial active 4) (2 cores per cpu, 2 threads per core) family 6 model 58 stepping 9 microcode 0x21, cx8, cmov, fxsr, ht, mmx, sse, sse2, sse3, ssse3, sse4.1, sse4.2, popcnt, tsc, tscinvbit, avx, aes, erms, clmul, vzeroupper, clflush
CPU Model and flags from /proc/cpuinfo:
model name	: Intel(R) Core(TM) i5-3210M CPU @ 2.50GHz
flags		: fpu vme de pse tsc msr pae mce cx8 apic sep mtrr pge mca cmov pat pse36 clflush dts acpi mmx fxsr sse sse2 ss ht tm pbe syscall nx rdtscp lm constant_tsc arch_perfmon pebs bts rep_good nopl xtopology nonstop_tsc cpuid aperfmperf pni pclmulqdq dtes64 monitor ds_cpl vmx est tm2 ssse3 cx16 xtpr pdcm pcid sse4_1 sse4_2 x2apic popcnt tsc_deadline_timer aes xsave avx f16c rdrand lahf_lm cpuid_fault epb pti ssbd ibrs ibpb stibp tpr_shadow vnmi flexpriority ept vpid fsgsbase smep erms xsaveopt dtherm ida arat pln pts md_clear flush_l1d

Online cpus: 0-3
Offline cpus: 4-7
BIOS frequency limitation: <Not Available>
Frequency switch latency (ns): 20000
Available cpu frequencies: <Not Available>
Current governor: ondemand
Core performance/turbo boost: <Not Available>

Memory: 4k page, physical 10035892k(2229968k free), swap 0k(0k free)

vm_info: OpenJDK 64-Bit Server VM (16.0.2+7) for linux-amd64 JRE (16.0.2+7), built on Jul 22 2021 01:08:17 by "jenkins" with gcc 7.3.1 20180303 (Red Hat 7.3.1-5)

END.
